{"F:\\RSSCHOOL\\REACT2025Q1\\rs-react-app\\src\\API\\ApiSlice.tsx": {"path":"F:\\RSSCHOOL\\REACT2025Q1\\rs-react-app\\src\\API\\ApiSlice.tsx","all":false,"statementMap":{"0":{"start":{"line":1,"column":0},"end":{"line":1,"column":73}},"3":{"start":{"line":4,"column":0},"end":{"line":4,"column":35}},"4":{"start":{"line":5,"column":0},"end":{"line":5,"column":21}},"5":{"start":{"line":6,"column":0},"end":{"line":6,"column":74}},"6":{"start":{"line":7,"column":0},"end":{"line":7,"column":28}},"7":{"start":{"line":8,"column":0},"end":{"line":8,"column":30}},"16":{"start":{"line":17,"column":0},"end":{"line":17,"column":7}},"17":{"start":{"line":18,"column":0},"end":{"line":18,"column":68}},"18":{"start":{"line":19,"column":0},"end":{"line":19,"column":72}},"19":{"start":{"line":20,"column":0},"end":{"line":20,"column":171}},"20":{"start":{"line":21,"column":0},"end":{"line":21,"column":7}},"21":{"start":{"line":22,"column":0},"end":{"line":22,"column":6}},"22":{"start":{"line":23,"column":0},"end":{"line":23,"column":4}},"23":{"start":{"line":24,"column":0},"end":{"line":24,"column":3}},"25":{"start":{"line":26,"column":0},"end":{"line":26,"column":47}}},"s":{"0":1,"3":1,"4":1,"5":1,"6":1,"7":1,"16":1,"17":1,"18":5,"19":5,"20":5,"21":1,"22":1,"23":1,"25":1},"branchMap":{"0":{"type":"branch","line":7,"loc":{"start":{"line":7,"column":13},"end":{"line":23,"column":4}},"locations":[{"start":{"line":7,"column":13},"end":{"line":23,"column":4}}]},"1":{"type":"branch","line":18,"loc":{"start":{"line":18,"column":13},"end":{"line":21,"column":7}},"locations":[{"start":{"line":18,"column":13},"end":{"line":21,"column":7}}]},"2":{"type":"branch","line":19,"loc":{"start":{"line":19,"column":28},"end":{"line":19,"column":69}},"locations":[{"start":{"line":19,"column":28},"end":{"line":19,"column":69}}]},"3":{"type":"branch","line":19,"loc":{"start":{"line":19,"column":63},"end":{"line":19,"column":72}},"locations":[{"start":{"line":19,"column":63},"end":{"line":19,"column":72}}]},"4":{"type":"branch","line":20,"loc":{"start":{"line":20,"column":57},"end":{"line":20,"column":91}},"locations":[{"start":{"line":20,"column":57},"end":{"line":20,"column":91}}]},"5":{"type":"branch","line":20,"loc":{"start":{"line":20,"column":86},"end":{"line":20,"column":93}},"locations":[{"start":{"line":20,"column":86},"end":{"line":20,"column":93}}]},"6":{"type":"branch","line":20,"loc":{"start":{"line":20,"column":96},"end":{"line":20,"column":130}},"locations":[{"start":{"line":20,"column":96},"end":{"line":20,"column":130}}]},"7":{"type":"branch","line":20,"loc":{"start":{"line":20,"column":125},"end":{"line":20,"column":132}},"locations":[{"start":{"line":20,"column":125},"end":{"line":20,"column":132}}]},"8":{"type":"branch","line":20,"loc":{"start":{"line":20,"column":135},"end":{"line":20,"column":166}},"locations":[{"start":{"line":20,"column":135},"end":{"line":20,"column":166}}]},"9":{"type":"branch","line":20,"loc":{"start":{"line":20,"column":161},"end":{"line":20,"column":168}},"locations":[{"start":{"line":20,"column":161},"end":{"line":20,"column":168}}]}},"b":{"0":[1],"1":[5],"2":[3],"3":[2],"4":[3],"5":[2],"6":[2],"7":[3],"8":[2],"9":[3]},"fnMap":{"0":{"name":"endpoints","decl":{"start":{"line":7,"column":13},"end":{"line":23,"column":4}},"loc":{"start":{"line":7,"column":13},"end":{"line":23,"column":4}},"line":7},"1":{"name":"query","decl":{"start":{"line":18,"column":13},"end":{"line":21,"column":7}},"loc":{"start":{"line":18,"column":13},"end":{"line":21,"column":7}},"line":18}},"f":{"0":1,"1":5}}
,"F:\\RSSCHOOL\\REACT2025Q1\\rs-react-app\\src\\Test\\testUtils.tsx": {"path":"F:\\RSSCHOOL\\REACT2025Q1\\rs-react-app\\src\\Test\\testUtils.tsx","all":false,"statementMap":{"0":{"start":{"line":1,"column":0},"end":{"line":1,"column":50}},"1":{"start":{"line":2,"column":0},"end":{"line":2,"column":56}},"3":{"start":{"line":4,"column":0},"end":{"line":4,"column":67}},"4":{"start":{"line":5,"column":0},"end":{"line":5,"column":32}},"5":{"start":{"line":6,"column":0},"end":{"line":6,"column":14}},"6":{"start":{"line":7,"column":0},"end":{"line":7,"column":36}},"7":{"start":{"line":8,"column":0},"end":{"line":8,"column":6}},"8":{"start":{"line":9,"column":0},"end":{"line":9,"column":41}},"9":{"start":{"line":10,"column":0},"end":{"line":10,"column":51}},"10":{"start":{"line":11,"column":0},"end":{"line":11,"column":5}},"12":{"start":{"line":13,"column":0},"end":{"line":13,"column":56}},"14":{"start":{"line":15,"column":0},"end":{"line":15,"column":10}},"15":{"start":{"line":16,"column":0},"end":{"line":16,"column":10}},"16":{"start":{"line":17,"column":0},"end":{"line":17,"column":7}},"17":{"start":{"line":18,"column":0},"end":{"line":18,"column":4}},"18":{"start":{"line":19,"column":0},"end":{"line":19,"column":1}}},"s":{"0":1,"1":1,"3":1,"4":1,"5":1,"6":1,"7":1,"8":1,"9":1,"10":1,"12":1,"14":1,"15":1,"16":1,"17":1,"18":1},"branchMap":{"0":{"type":"branch","line":4,"loc":{"start":{"line":4,"column":7},"end":{"line":19,"column":1}},"locations":[{"start":{"line":4,"column":7},"end":{"line":19,"column":1}}]},"1":{"type":"branch","line":9,"loc":{"start":{"line":9,"column":16},"end":{"line":10,"column":51}},"locations":[{"start":{"line":9,"column":16},"end":{"line":10,"column":51}}]}},"b":{"0":[1],"1":[1]},"fnMap":{"0":{"name":"setupApiStore","decl":{"start":{"line":4,"column":7},"end":{"line":19,"column":1}},"loc":{"start":{"line":4,"column":7},"end":{"line":19,"column":1}},"line":4},"1":{"name":"middleware","decl":{"start":{"line":9,"column":16},"end":{"line":10,"column":51}},"loc":{"start":{"line":9,"column":16},"end":{"line":10,"column":51}},"line":9}},"f":{"0":1,"1":1}}
}
