{"F:\\RSSCHOOL\\REACT2025Q1\\rs-react-app\\src\\App.tsx": {"path":"F:\\RSSCHOOL\\REACT2025Q1\\rs-react-app\\src\\App.tsx","all":true,"statementMap":{"0":{"start":{"line":1,"column":0},"end":{"line":1,"column":64}},"1":{"start":{"line":2,"column":0},"end":{"line":2,"column":8}},"11":{"start":{"line":12,"column":0},"end":{"line":12,"column":19}},"12":{"start":{"line":13,"column":0},"end":{"line":13,"column":46}},"14":{"start":{"line":15,"column":0},"end":{"line":15,"column":44}},"15":{"start":{"line":16,"column":0},"end":{"line":16,"column":48}},"18":{"start":{"line":19,"column":0},"end":{"line":19,"column":48}},"19":{"start":{"line":20,"column":0},"end":{"line":20,"column":54}},"20":{"start":{"line":21,"column":0},"end":{"line":21,"column":77}},"21":{"start":{"line":22,"column":0},"end":{"line":22,"column":42}},"22":{"start":{"line":23,"column":0},"end":{"line":23,"column":70}},"24":{"start":{"line":25,"column":0},"end":{"line":25,"column":29}},"25":{"start":{"line":26,"column":0},"end":{"line":26,"column":52}},"26":{"start":{"line":27,"column":0},"end":{"line":27,"column":53}},"27":{"start":{"line":28,"column":0},"end":{"line":28,"column":58}},"28":{"start":{"line":29,"column":0},"end":{"line":29,"column":33}},"29":{"start":{"line":30,"column":0},"end":{"line":30,"column":53}},"30":{"start":{"line":31,"column":0},"end":{"line":31,"column":52}},"31":{"start":{"line":32,"column":0},"end":{"line":32,"column":50}},"32":{"start":{"line":33,"column":0},"end":{"line":33,"column":33}},"33":{"start":{"line":34,"column":0},"end":{"line":34,"column":33}},"35":{"start":{"line":36,"column":0},"end":{"line":36,"column":19}},"36":{"start":{"line":37,"column":0},"end":{"line":37,"column":36}},"37":{"start":{"line":38,"column":0},"end":{"line":38,"column":26}},"38":{"start":{"line":39,"column":0},"end":{"line":39,"column":13}},"39":{"start":{"line":40,"column":0},"end":{"line":40,"column":37}},"40":{"start":{"line":41,"column":0},"end":{"line":41,"column":9}},"42":{"start":{"line":43,"column":0},"end":{"line":43,"column":19}},"43":{"start":{"line":44,"column":0},"end":{"line":44,"column":62}},"44":{"start":{"line":45,"column":0},"end":{"line":45,"column":63}},"45":{"start":{"line":46,"column":0},"end":{"line":46,"column":25}},"46":{"start":{"line":47,"column":0},"end":{"line":47,"column":24}},"48":{"start":{"line":49,"column":0},"end":{"line":49,"column":41}},"49":{"start":{"line":50,"column":0},"end":{"line":50,"column":53}},"50":{"start":{"line":51,"column":0},"end":{"line":51,"column":41}},"51":{"start":{"line":52,"column":0},"end":{"line":52,"column":6}},"52":{"start":{"line":53,"column":0},"end":{"line":53,"column":6}},"53":{"start":{"line":54,"column":0},"end":{"line":54,"column":4}},"55":{"start":{"line":56,"column":0},"end":{"line":56,"column":42}},"56":{"start":{"line":57,"column":0},"end":{"line":57,"column":44}},"57":{"start":{"line":58,"column":0},"end":{"line":58,"column":33}},"58":{"start":{"line":59,"column":0},"end":{"line":59,"column":22}},"59":{"start":{"line":60,"column":0},"end":{"line":60,"column":31}},"60":{"start":{"line":61,"column":0},"end":{"line":61,"column":26}},"61":{"start":{"line":62,"column":0},"end":{"line":62,"column":30}},"63":{"start":{"line":64,"column":0},"end":{"line":64,"column":40}},"64":{"start":{"line":65,"column":0},"end":{"line":65,"column":69}},"65":{"start":{"line":66,"column":0},"end":{"line":66,"column":31}},"66":{"start":{"line":67,"column":0},"end":{"line":67,"column":34}},"67":{"start":{"line":68,"column":0},"end":{"line":68,"column":31}},"68":{"start":{"line":69,"column":0},"end":{"line":69,"column":29}},"69":{"start":{"line":70,"column":0},"end":{"line":70,"column":47}},"70":{"start":{"line":71,"column":0},"end":{"line":71,"column":6}},"71":{"start":{"line":72,"column":0},"end":{"line":72,"column":14}},"72":{"start":{"line":73,"column":0},"end":{"line":73,"column":4}},"74":{"start":{"line":75,"column":0},"end":{"line":75,"column":34}},"75":{"start":{"line":76,"column":0},"end":{"line":76,"column":24}},"76":{"start":{"line":77,"column":0},"end":{"line":77,"column":22}},"77":{"start":{"line":78,"column":0},"end":{"line":78,"column":34}},"78":{"start":{"line":79,"column":0},"end":{"line":79,"column":29}},"79":{"start":{"line":80,"column":0},"end":{"line":80,"column":6}},"80":{"start":{"line":81,"column":0},"end":{"line":81,"column":14}},"81":{"start":{"line":82,"column":0},"end":{"line":82,"column":4}},"83":{"start":{"line":84,"column":0},"end":{"line":84,"column":54}},"84":{"start":{"line":85,"column":0},"end":{"line":85,"column":31}},"85":{"start":{"line":86,"column":0},"end":{"line":86,"column":9}},"86":{"start":{"line":87,"column":0},"end":{"line":87,"column":55}},"87":{"start":{"line":88,"column":0},"end":{"line":88,"column":31}},"88":{"start":{"line":89,"column":0},"end":{"line":89,"column":34}},"89":{"start":{"line":90,"column":0},"end":{"line":90,"column":31}},"90":{"start":{"line":91,"column":0},"end":{"line":91,"column":47}},"91":{"start":{"line":92,"column":0},"end":{"line":92,"column":46}},"92":{"start":{"line":93,"column":0},"end":{"line":93,"column":21}},"93":{"start":{"line":94,"column":0},"end":{"line":94,"column":35}},"94":{"start":{"line":95,"column":0},"end":{"line":95,"column":35}},"95":{"start":{"line":96,"column":0},"end":{"line":96,"column":14}},"96":{"start":{"line":97,"column":0},"end":{"line":97,"column":35}},"97":{"start":{"line":98,"column":0},"end":{"line":98,"column":7}},"98":{"start":{"line":99,"column":0},"end":{"line":99,"column":5}},"99":{"start":{"line":100,"column":0},"end":{"line":100,"column":49}},"101":{"start":{"line":102,"column":0},"end":{"line":102,"column":38}},"102":{"start":{"line":103,"column":0},"end":{"line":103,"column":21}},"103":{"start":{"line":104,"column":0},"end":{"line":104,"column":67}},"104":{"start":{"line":105,"column":0},"end":{"line":105,"column":57}},"105":{"start":{"line":106,"column":0},"end":{"line":106,"column":55}},"106":{"start":{"line":107,"column":0},"end":{"line":107,"column":6}},"107":{"start":{"line":108,"column":0},"end":{"line":108,"column":31}},"108":{"start":{"line":109,"column":0},"end":{"line":109,"column":4}},"110":{"start":{"line":111,"column":0},"end":{"line":111,"column":48}},"111":{"start":{"line":112,"column":0},"end":{"line":112,"column":65}},"112":{"start":{"line":113,"column":0},"end":{"line":113,"column":38}},"113":{"start":{"line":114,"column":0},"end":{"line":114,"column":53}},"114":{"start":{"line":115,"column":0},"end":{"line":115,"column":34}},"116":{"start":{"line":117,"column":0},"end":{"line":117,"column":45}},"117":{"start":{"line":118,"column":0},"end":{"line":118,"column":23}},"118":{"start":{"line":119,"column":0},"end":{"line":119,"column":27}},"119":{"start":{"line":120,"column":0},"end":{"line":120,"column":5}},"120":{"start":{"line":121,"column":0},"end":{"line":121,"column":41}},"122":{"start":{"line":123,"column":0},"end":{"line":123,"column":39}},"123":{"start":{"line":124,"column":0},"end":{"line":124,"column":23}},"124":{"start":{"line":125,"column":0},"end":{"line":125,"column":27}},"125":{"start":{"line":126,"column":0},"end":{"line":126,"column":64}},"126":{"start":{"line":127,"column":0},"end":{"line":127,"column":48}},"127":{"start":{"line":128,"column":0},"end":{"line":128,"column":47}},"128":{"start":{"line":129,"column":0},"end":{"line":129,"column":28}},"129":{"start":{"line":130,"column":0},"end":{"line":130,"column":6}},"130":{"start":{"line":131,"column":0},"end":{"line":131,"column":31}},"131":{"start":{"line":132,"column":0},"end":{"line":132,"column":4}},"133":{"start":{"line":134,"column":0},"end":{"line":134,"column":10}},"134":{"start":{"line":135,"column":0},"end":{"line":135,"column":31}},"135":{"start":{"line":136,"column":0},"end":{"line":136,"column":16}},"136":{"start":{"line":137,"column":0},"end":{"line":137,"column":16}},"137":{"start":{"line":138,"column":0},"end":{"line":138,"column":33}},"138":{"start":{"line":139,"column":0},"end":{"line":139,"column":43}},"139":{"start":{"line":140,"column":0},"end":{"line":140,"column":31}},"140":{"start":{"line":141,"column":0},"end":{"line":141,"column":43}},"141":{"start":{"line":142,"column":0},"end":{"line":142,"column":8}},"142":{"start":{"line":143,"column":0},"end":{"line":143,"column":18}},"143":{"start":{"line":144,"column":0},"end":{"line":144,"column":29}},"144":{"start":{"line":145,"column":0},"end":{"line":145,"column":37}},"145":{"start":{"line":146,"column":0},"end":{"line":146,"column":33}},"146":{"start":{"line":147,"column":0},"end":{"line":147,"column":8}},"147":{"start":{"line":148,"column":0},"end":{"line":148,"column":24}},"148":{"start":{"line":149,"column":0},"end":{"line":149,"column":29}},"149":{"start":{"line":150,"column":0},"end":{"line":150,"column":33}},"150":{"start":{"line":151,"column":0},"end":{"line":151,"column":31}},"151":{"start":{"line":152,"column":0},"end":{"line":152,"column":39}},"152":{"start":{"line":153,"column":0},"end":{"line":153,"column":8}},"153":{"start":{"line":154,"column":0},"end":{"line":154,"column":16}},"154":{"start":{"line":155,"column":0},"end":{"line":155,"column":33}},"155":{"start":{"line":156,"column":0},"end":{"line":156,"column":26}},"156":{"start":{"line":157,"column":0},"end":{"line":157,"column":41}},"157":{"start":{"line":158,"column":0},"end":{"line":158,"column":29}},"158":{"start":{"line":159,"column":0},"end":{"line":159,"column":35}},"159":{"start":{"line":160,"column":0},"end":{"line":160,"column":8}},"160":{"start":{"line":161,"column":0},"end":{"line":161,"column":16}},"161":{"start":{"line":162,"column":0},"end":{"line":162,"column":10}},"163":{"start":{"line":164,"column":0},"end":{"line":164,"column":2}},"165":{"start":{"line":166,"column":0},"end":{"line":166,"column":36}},"166":{"start":{"line":167,"column":0},"end":{"line":167,"column":10}},"167":{"start":{"line":168,"column":0},"end":{"line":168,"column":12}},"168":{"start":{"line":169,"column":0},"end":{"line":169,"column":14}},"169":{"start":{"line":170,"column":0},"end":{"line":170,"column":42}},"170":{"start":{"line":171,"column":0},"end":{"line":171,"column":58}},"171":{"start":{"line":172,"column":0},"end":{"line":172,"column":51}},"172":{"start":{"line":173,"column":0},"end":{"line":173,"column":16}},"173":{"start":{"line":174,"column":0},"end":{"line":174,"column":15}},"174":{"start":{"line":175,"column":0},"end":{"line":175,"column":13}},"176":{"start":{"line":177,"column":0},"end":{"line":177,"column":2}},"178":{"start":{"line":179,"column":0},"end":{"line":179,"column":26}}},"s":{"0":0,"1":0,"11":0,"12":0,"14":0,"15":0,"18":0,"19":0,"20":0,"21":0,"22":0,"24":0,"25":0,"26":0,"27":0,"28":0,"29":0,"30":0,"31":0,"32":0,"33":0,"35":0,"36":0,"37":0,"38":0,"39":0,"40":0,"42":0,"43":0,"44":0,"45":0,"46":0,"48":0,"49":0,"50":0,"51":0,"52":0,"53":0,"55":0,"56":0,"57":0,"58":0,"59":0,"60":0,"61":0,"63":0,"64":0,"65":0,"66":0,"67":0,"68":0,"69":0,"70":0,"71":0,"72":0,"74":0,"75":0,"76":0,"77":0,"78":0,"79":0,"80":0,"81":0,"83":0,"84":0,"85":0,"86":0,"87":0,"88":0,"89":0,"90":0,"91":0,"92":0,"93":0,"94":0,"95":0,"96":0,"97":0,"98":0,"99":0,"101":0,"102":0,"103":0,"104":0,"105":0,"106":0,"107":0,"108":0,"110":0,"111":0,"112":0,"113":0,"114":0,"116":0,"117":0,"118":0,"119":0,"120":0,"122":0,"123":0,"124":0,"125":0,"126":0,"127":0,"128":0,"129":0,"130":0,"131":0,"133":0,"134":0,"135":0,"136":0,"137":0,"138":0,"139":0,"140":0,"141":0,"142":0,"143":0,"144":0,"145":0,"146":0,"147":0,"148":0,"149":0,"150":0,"151":0,"152":0,"153":0,"154":0,"155":0,"156":0,"157":0,"158":0,"159":0,"160":0,"161":0,"163":0,"165":0,"166":0,"167":0,"168":0,"169":0,"170":0,"171":0,"172":0,"173":0,"174":0,"176":0,"178":0},"branchMap":{"0":{"type":"branch","line":1,"loc":{"start":{"line":1,"column":4219},"end":{"line":179,"column":-1210}},"locations":[{"start":{"line":1,"column":4219},"end":{"line":179,"column":-1210}}]}},"b":{"0":[0]},"fnMap":{"0":{"name":"(empty-report)","decl":{"start":{"line":1,"column":4219},"end":{"line":179,"column":-1210}},"loc":{"start":{"line":1,"column":4219},"end":{"line":179,"column":-1210}},"line":1}},"f":{"0":0}}
,"F:\\RSSCHOOL\\REACT2025Q1\\rs-react-app\\src\\index.tsx": {"path":"F:\\RSSCHOOL\\REACT2025Q1\\rs-react-app\\src\\index.tsx","all":false,"statementMap":{"0":{"start":{"line":1,"column":0},"end":{"line":1,"column":35}},"1":{"start":{"line":2,"column":0},"end":{"line":2,"column":46}},"2":{"start":{"line":3,"column":0},"end":{"line":3,"column":39}},"3":{"start":{"line":4,"column":0},"end":{"line":4,"column":38}},"4":{"start":{"line":5,"column":0},"end":{"line":5,"column":21}},"5":{"start":{"line":6,"column":0},"end":{"line":6,"column":28}},"6":{"start":{"line":7,"column":0},"end":{"line":7,"column":63}},"8":{"start":{"line":9,"column":0},"end":{"line":9,"column":52}},"9":{"start":{"line":10,"column":0},"end":{"line":10,"column":18}},"10":{"start":{"line":11,"column":0},"end":{"line":11,"column":33}},"11":{"start":{"line":12,"column":0},"end":{"line":12,"column":16}},"12":{"start":{"line":13,"column":0},"end":{"line":13,"column":21}},"13":{"start":{"line":14,"column":0},"end":{"line":14,"column":32}},"14":{"start":{"line":15,"column":0},"end":{"line":15,"column":17}},"15":{"start":{"line":16,"column":0},"end":{"line":16,"column":19}},"16":{"start":{"line":17,"column":0},"end":{"line":17,"column":22}},"17":{"start":{"line":18,"column":0},"end":{"line":18,"column":17}},"18":{"start":{"line":19,"column":0},"end":{"line":19,"column":4}},"19":{"start":{"line":20,"column":0},"end":{"line":20,"column":1}}},"s":{"0":1,"1":1,"2":1,"3":1,"4":1,"5":1,"6":1,"8":1,"9":1,"10":1,"11":1,"12":1,"13":1,"14":1,"15":1,"16":1,"17":1,"18":1,"19":1},"branchMap":{},"b":{},"fnMap":{},"f":{}}
,"F:\\RSSCHOOL\\REACT2025Q1\\rs-react-app\\src\\API\\ApiFetchData.tsx": {"path":"F:\\RSSCHOOL\\REACT2025Q1\\rs-react-app\\src\\API\\ApiFetchData.tsx","all":false,"statementMap":{"0":{"start":{"line":1,"column":0},"end":{"line":1,"column":44}},"1":{"start":{"line":2,"column":0},"end":{"line":2,"column":42}},"2":{"start":{"line":3,"column":0},"end":{"line":3,"column":40}},"3":{"start":{"line":4,"column":0},"end":{"line":4,"column":71}},"4":{"start":{"line":5,"column":0},"end":{"line":5,"column":49}},"6":{"start":{"line":7,"column":0},"end":{"line":7,"column":23}},"7":{"start":{"line":8,"column":0},"end":{"line":8,"column":19}},"8":{"start":{"line":9,"column":0},"end":{"line":9,"column":11}},"9":{"start":{"line":10,"column":0},"end":{"line":10,"column":15}},"10":{"start":{"line":11,"column":0},"end":{"line":11,"column":15}},"11":{"start":{"line":12,"column":0},"end":{"line":12,"column":13}},"12":{"start":{"line":13,"column":0},"end":{"line":13,"column":7}},"13":{"start":{"line":14,"column":0},"end":{"line":14,"column":33}},"14":{"start":{"line":15,"column":0},"end":{"line":15,"column":51}},"15":{"start":{"line":16,"column":0},"end":{"line":16,"column":63}},"17":{"start":{"line":18,"column":0},"end":{"line":18,"column":19}},"18":{"start":{"line":19,"column":0},"end":{"line":19,"column":40}},"19":{"start":{"line":20,"column":0},"end":{"line":20,"column":11}},"20":{"start":{"line":21,"column":0},"end":{"line":21,"column":27}},"21":{"start":{"line":22,"column":0},"end":{"line":22,"column":37}},"22":{"start":{"line":23,"column":0},"end":{"line":23,"column":22}},"23":{"start":{"line":24,"column":0},"end":{"line":24,"column":15}},"24":{"start":{"line":25,"column":0},"end":{"line":25,"column":19}},"25":{"start":{"line":26,"column":0},"end":{"line":26,"column":18}},"26":{"start":{"line":27,"column":0},"end":{"line":27,"column":16}},"27":{"start":{"line":28,"column":0},"end":{"line":28,"column":10}},"28":{"start":{"line":29,"column":0},"end":{"line":29,"column":38}},"29":{"start":{"line":30,"column":0},"end":{"line":30,"column":28}},"30":{"start":{"line":31,"column":0},"end":{"line":31,"column":23}},"31":{"start":{"line":32,"column":0},"end":{"line":32,"column":44}},"32":{"start":{"line":33,"column":0},"end":{"line":33,"column":49}},"33":{"start":{"line":34,"column":0},"end":{"line":34,"column":17}},"34":{"start":{"line":35,"column":0},"end":{"line":35,"column":28}},"35":{"start":{"line":36,"column":0},"end":{"line":36,"column":36}},"36":{"start":{"line":37,"column":0},"end":{"line":37,"column":7}},"37":{"start":{"line":38,"column":0},"end":{"line":38,"column":6}},"39":{"start":{"line":40,"column":0},"end":{"line":40,"column":21}},"40":{"start":{"line":41,"column":0},"end":{"line":41,"column":63}},"42":{"start":{"line":43,"column":0},"end":{"line":43,"column":18}},"43":{"start":{"line":44,"column":0},"end":{"line":44,"column":22}},"44":{"start":{"line":45,"column":0},"end":{"line":45,"column":3}},"46":{"start":{"line":47,"column":0},"end":{"line":47,"column":14}},"47":{"start":{"line":48,"column":0},"end":{"line":48,"column":30}},"48":{"start":{"line":49,"column":0},"end":{"line":49,"column":3}},"50":{"start":{"line":51,"column":0},"end":{"line":51,"column":14}},"51":{"start":{"line":52,"column":0},"end":{"line":52,"column":2}},"53":{"start":{"line":54,"column":0},"end":{"line":54,"column":28}}},"s":{"0":1,"1":1,"2":1,"3":1,"4":1,"6":1,"7":5,"8":5,"9":5,"10":5,"11":5,"12":5,"13":5,"14":5,"15":5,"17":5,"18":3,"19":3,"20":3,"21":3,"22":3,"23":3,"24":3,"25":3,"26":3,"27":3,"28":1,"29":1,"30":1,"31":1,"32":1,"33":3,"34":2,"35":2,"36":2,"37":3,"39":3,"40":5,"42":5,"43":3,"44":3,"46":5,"47":1,"48":1,"50":1,"51":1,"53":1},"branchMap":{"0":{"type":"branch","line":7,"loc":{"start":{"line":7,"column":21},"end":{"line":52,"column":2}},"locations":[{"start":{"line":7,"column":21},"end":{"line":52,"column":2}}]},"1":{"type":"branch","line":43,"loc":{"start":{"line":43,"column":17},"end":{"line":45,"column":3}},"locations":[{"start":{"line":43,"column":17},"end":{"line":45,"column":3}}]},"2":{"type":"branch","line":45,"loc":{"start":{"line":45,"column":2},"end":{"line":47,"column":13}},"locations":[{"start":{"line":45,"column":2},"end":{"line":47,"column":13}}]},"3":{"type":"branch","line":47,"loc":{"start":{"line":47,"column":13},"end":{"line":52,"column":2}},"locations":[{"start":{"line":47,"column":13},"end":{"line":52,"column":2}}]},"4":{"type":"branch","line":18,"loc":{"start":{"line":18,"column":12},"end":{"line":41,"column":5}},"locations":[{"start":{"line":18,"column":12},"end":{"line":41,"column":5}}]},"5":{"type":"branch","line":19,"loc":{"start":{"line":19,"column":27},"end":{"line":38,"column":6}},"locations":[{"start":{"line":19,"column":27},"end":{"line":38,"column":6}}]},"6":{"type":"branch","line":28,"loc":{"start":{"line":28,"column":8},"end":{"line":34,"column":8}},"locations":[{"start":{"line":28,"column":8},"end":{"line":34,"column":8}}]},"7":{"type":"branch","line":34,"loc":{"start":{"line":34,"column":6},"end":{"line":37,"column":7}},"locations":[{"start":{"line":34,"column":6},"end":{"line":37,"column":7}}]}},"b":{"0":[5],"1":[3],"2":[2],"3":[1],"4":[3],"5":[3],"6":[1],"7":[2]},"fnMap":{"0":{"name":"ApiFetchData","decl":{"start":{"line":7,"column":21},"end":{"line":52,"column":2}},"loc":{"start":{"line":7,"column":21},"end":{"line":52,"column":2}},"line":7},"1":{"name":"fetchDataAsync","decl":{"start":{"line":19,"column":27},"end":{"line":38,"column":6}},"loc":{"start":{"line":19,"column":27},"end":{"line":38,"column":6}},"line":19}},"f":{"0":5,"1":3}}
,"F:\\RSSCHOOL\\REACT2025Q1\\rs-react-app\\src\\API\\ApiSlice.tsx": {"path":"F:\\RSSCHOOL\\REACT2025Q1\\rs-react-app\\src\\API\\ApiSlice.tsx","all":true,"statementMap":{"0":{"start":{"line":1,"column":0},"end":{"line":1,"column":73}},"3":{"start":{"line":4,"column":0},"end":{"line":4,"column":35}},"4":{"start":{"line":5,"column":0},"end":{"line":5,"column":21}},"5":{"start":{"line":6,"column":0},"end":{"line":6,"column":74}},"6":{"start":{"line":7,"column":0},"end":{"line":7,"column":28}},"7":{"start":{"line":8,"column":0},"end":{"line":8,"column":30}},"16":{"start":{"line":17,"column":0},"end":{"line":17,"column":7}},"17":{"start":{"line":18,"column":0},"end":{"line":18,"column":68}},"18":{"start":{"line":19,"column":0},"end":{"line":19,"column":72}},"19":{"start":{"line":20,"column":0},"end":{"line":20,"column":171}},"20":{"start":{"line":21,"column":0},"end":{"line":21,"column":7}},"21":{"start":{"line":22,"column":0},"end":{"line":22,"column":6}},"22":{"start":{"line":23,"column":0},"end":{"line":23,"column":4}},"23":{"start":{"line":24,"column":0},"end":{"line":24,"column":3}},"25":{"start":{"line":26,"column":0},"end":{"line":26,"column":47}}},"s":{"0":0,"3":0,"4":0,"5":0,"6":0,"7":0,"16":0,"17":0,"18":0,"19":0,"20":0,"21":0,"22":0,"23":0,"25":0},"branchMap":{"0":{"type":"branch","line":1,"loc":{"start":{"line":1,"column":900},"end":{"line":26,"column":47}},"locations":[{"start":{"line":1,"column":900},"end":{"line":26,"column":47}}]}},"b":{"0":[0]},"fnMap":{"0":{"name":"(empty-report)","decl":{"start":{"line":1,"column":900},"end":{"line":26,"column":47}},"loc":{"start":{"line":1,"column":900},"end":{"line":26,"column":47}},"line":1}},"f":{"0":0}}
,"F:\\RSSCHOOL\\REACT2025Q1\\rs-react-app\\src\\API\\fetchData.tsx": {"path":"F:\\RSSCHOOL\\REACT2025Q1\\rs-react-app\\src\\API\\fetchData.tsx","all":false,"statementMap":{"0":{"start":{"line":1,"column":0},"end":{"line":1,"column":32}},"1":{"start":{"line":2,"column":0},"end":{"line":2,"column":13}},"2":{"start":{"line":3,"column":0},"end":{"line":3,"column":11}},"3":{"start":{"line":4,"column":0},"end":{"line":4,"column":15}},"4":{"start":{"line":5,"column":0},"end":{"line":5,"column":15}},"5":{"start":{"line":6,"column":0},"end":{"line":6,"column":13}},"6":{"start":{"line":7,"column":0},"end":{"line":7,"column":6}},"7":{"start":{"line":8,"column":0},"end":{"line":8,"column":38}},"8":{"start":{"line":9,"column":0},"end":{"line":9,"column":42}},"9":{"start":{"line":10,"column":0},"end":{"line":10,"column":3}},"11":{"start":{"line":12,"column":0},"end":{"line":12,"column":55}},"12":{"start":{"line":13,"column":0},"end":{"line":13,"column":69}},"13":{"start":{"line":14,"column":0},"end":{"line":14,"column":61}},"14":{"start":{"line":15,"column":0},"end":{"line":15,"column":57}},"16":{"start":{"line":17,"column":0},"end":{"line":17,"column":106}},"18":{"start":{"line":19,"column":0},"end":{"line":19,"column":7}},"19":{"start":{"line":20,"column":0},"end":{"line":20,"column":39}},"20":{"start":{"line":21,"column":0},"end":{"line":21,"column":16}},"21":{"start":{"line":22,"column":0},"end":{"line":22,"column":49}},"22":{"start":{"line":23,"column":0},"end":{"line":23,"column":7}},"23":{"start":{"line":24,"column":0},"end":{"line":24,"column":7}},"25":{"start":{"line":26,"column":0},"end":{"line":26,"column":23}},"26":{"start":{"line":27,"column":0},"end":{"line":27,"column":77}},"27":{"start":{"line":28,"column":0},"end":{"line":28,"column":5}},"29":{"start":{"line":30,"column":0},"end":{"line":30,"column":39}},"31":{"start":{"line":32,"column":0},"end":{"line":32,"column":12}},"32":{"start":{"line":33,"column":0},"end":{"line":33,"column":22}},"33":{"start":{"line":34,"column":0},"end":{"line":34,"column":52}},"34":{"start":{"line":35,"column":0},"end":{"line":35,"column":6}},"35":{"start":{"line":36,"column":0},"end":{"line":36,"column":19}},"36":{"start":{"line":37,"column":0},"end":{"line":37,"column":33}},"37":{"start":{"line":38,"column":0},"end":{"line":38,"column":37}},"38":{"start":{"line":39,"column":0},"end":{"line":39,"column":5}},"39":{"start":{"line":40,"column":0},"end":{"line":40,"column":49}},"40":{"start":{"line":41,"column":0},"end":{"line":41,"column":3}},"41":{"start":{"line":42,"column":0},"end":{"line":42,"column":2}}},"s":{"0":1,"1":10,"2":10,"3":10,"4":10,"5":10,"6":10,"7":10,"8":1,"9":1,"11":9,"12":10,"13":10,"14":10,"16":10,"18":10,"19":10,"20":10,"21":10,"22":10,"23":10,"25":10,"26":1,"27":1,"29":7,"31":7,"32":7,"33":10,"34":10,"35":10,"36":2,"37":2,"38":2,"39":0,"40":0,"41":10},"branchMap":{"0":{"type":"branch","line":1,"loc":{"start":{"line":1,"column":25},"end":{"line":42,"column":2}},"locations":[{"start":{"line":1,"column":25},"end":{"line":42,"column":2}}]},"1":{"type":"branch","line":8,"loc":{"start":{"line":8,"column":37},"end":{"line":10,"column":3}},"locations":[{"start":{"line":8,"column":37},"end":{"line":10,"column":3}}]},"2":{"type":"branch","line":10,"loc":{"start":{"line":10,"column":2},"end":{"line":13,"column":30}},"locations":[{"start":{"line":10,"column":2},"end":{"line":13,"column":30}}]},"3":{"type":"branch","line":13,"loc":{"start":{"line":13,"column":22},"end":{"line":13,"column":66}},"locations":[{"start":{"line":13,"column":22},"end":{"line":13,"column":66}}]},"4":{"type":"branch","line":13,"loc":{"start":{"line":13,"column":61},"end":{"line":13,"column":69}},"locations":[{"start":{"line":13,"column":61},"end":{"line":13,"column":69}}]},"5":{"type":"branch","line":14,"loc":{"start":{"line":14,"column":24},"end":{"line":14,"column":58}},"locations":[{"start":{"line":14,"column":24},"end":{"line":14,"column":58}}]},"6":{"type":"branch","line":14,"loc":{"start":{"line":14,"column":53},"end":{"line":14,"column":61}},"locations":[{"start":{"line":14,"column":53},"end":{"line":14,"column":61}}]},"7":{"type":"branch","line":15,"loc":{"start":{"line":15,"column":23},"end":{"line":15,"column":54}},"locations":[{"start":{"line":15,"column":23},"end":{"line":15,"column":54}}]},"8":{"type":"branch","line":15,"loc":{"start":{"line":15,"column":49},"end":{"line":15,"column":57}},"locations":[{"start":{"line":15,"column":49},"end":{"line":15,"column":57}}]},"9":{"type":"branch","line":24,"loc":{"start":{"line":24,"column":5},"end":{"line":26,"column":22}},"locations":[{"start":{"line":24,"column":5},"end":{"line":26,"column":22}}]},"10":{"type":"branch","line":26,"loc":{"start":{"line":26,"column":22},"end":{"line":28,"column":5}},"locations":[{"start":{"line":26,"column":22},"end":{"line":28,"column":5}}]},"11":{"type":"branch","line":28,"loc":{"start":{"line":28,"column":4},"end":{"line":34,"column":37}},"locations":[{"start":{"line":28,"column":4},"end":{"line":34,"column":37}}]},"12":{"type":"branch","line":34,"loc":{"start":{"line":34,"column":23},"end":{"line":34,"column":51}},"locations":[{"start":{"line":34,"column":23},"end":{"line":34,"column":51}}]},"13":{"type":"branch","line":34,"loc":{"start":{"line":34,"column":42},"end":{"line":34,"column":52}},"locations":[{"start":{"line":34,"column":42},"end":{"line":34,"column":52}}]},"14":{"type":"branch","line":36,"loc":{"start":{"line":36,"column":2},"end":{"line":41,"column":3}},"locations":[{"start":{"line":36,"column":2},"end":{"line":41,"column":3}}]},"15":{"type":"branch","line":39,"loc":{"start":{"line":39,"column":4},"end":{"line":41,"column":3}},"locations":[{"start":{"line":39,"column":4},"end":{"line":41,"column":3}}]}},"b":{"0":[10],"1":[1],"2":[9],"3":[1],"4":[8],"5":[1],"6":[8],"7":[1],"8":[8],"9":[8],"10":[1],"11":[7],"12":[6],"13":[0],"14":[2],"15":[0]},"fnMap":{"0":{"name":"fetchData","decl":{"start":{"line":1,"column":25},"end":{"line":42,"column":2}},"loc":{"start":{"line":1,"column":25},"end":{"line":42,"column":2}},"line":1}},"f":{"0":10}}
,"F:\\RSSCHOOL\\REACT2025Q1\\rs-react-app\\src\\ErrorsHandlers\\ErrorBoundary.tsx": {"path":"F:\\RSSCHOOL\\REACT2025Q1\\rs-react-app\\src\\ErrorsHandlers\\ErrorBoundary.tsx","all":false,"statementMap":{"0":{"start":{"line":1,"column":0},"end":{"line":1,"column":26}},"1":{"start":{"line":2,"column":0},"end":{"line":2,"column":49}},"7":{"start":{"line":8,"column":0},"end":{"line":8,"column":44}},"10":{"start":{"line":11,"column":0},"end":{"line":11,"column":3}},"11":{"start":{"line":12,"column":0},"end":{"line":12,"column":26}},"12":{"start":{"line":13,"column":0},"end":{"line":13,"column":17}},"13":{"start":{"line":14,"column":0},"end":{"line":14,"column":37}},"14":{"start":{"line":15,"column":0},"end":{"line":15,"column":3}},"16":{"start":{"line":17,"column":0},"end":{"line":17,"column":37}},"17":{"start":{"line":18,"column":0},"end":{"line":18,"column":30}},"18":{"start":{"line":19,"column":0},"end":{"line":19,"column":3}},"20":{"start":{"line":21,"column":0},"end":{"line":21,"column":64}},"22":{"start":{"line":23,"column":0},"end":{"line":23,"column":23}},"23":{"start":{"line":24,"column":0},"end":{"line":24,"column":39}},"24":{"start":{"line":25,"column":0},"end":{"line":25,"column":4}},"26":{"start":{"line":27,"column":0},"end":{"line":27,"column":12}},"27":{"start":{"line":28,"column":0},"end":{"line":28,"column":30}},"28":{"start":{"line":29,"column":0},"end":{"line":29,"column":14}},"29":{"start":{"line":30,"column":0},"end":{"line":30,"column":13}},"30":{"start":{"line":31,"column":0},"end":{"line":31,"column":40}},"31":{"start":{"line":32,"column":0},"end":{"line":32,"column":59}},"32":{"start":{"line":33,"column":0},"end":{"line":33,"column":14}},"34":{"start":{"line":35,"column":0},"end":{"line":35,"column":5}},"36":{"start":{"line":37,"column":0},"end":{"line":37,"column":31}},"37":{"start":{"line":38,"column":0},"end":{"line":38,"column":3}},"38":{"start":{"line":39,"column":0},"end":{"line":39,"column":1}},"40":{"start":{"line":41,"column":0},"end":{"line":41,"column":29}}},"s":{"0":1,"1":1,"7":5,"10":5,"11":5,"12":6,"13":6,"14":6,"16":5,"17":6,"18":6,"20":5,"22":5,"23":1,"24":1,"26":5,"27":13,"28":6,"29":6,"30":6,"31":6,"32":6,"34":6,"36":7,"37":13,"38":5,"40":1},"branchMap":{"0":{"type":"branch","line":8,"loc":{"start":{"line":8,"column":0},"end":{"line":39,"column":1}},"locations":[{"start":{"line":8,"column":0},"end":{"line":39,"column":1}}]},"1":{"type":"branch","line":12,"loc":{"start":{"line":12,"column":2},"end":{"line":15,"column":3}},"locations":[{"start":{"line":12,"column":2},"end":{"line":15,"column":3}}]},"2":{"type":"branch","line":17,"loc":{"start":{"line":17,"column":9},"end":{"line":19,"column":3}},"locations":[{"start":{"line":17,"column":9},"end":{"line":19,"column":3}}]},"3":{"type":"branch","line":21,"loc":{"start":{"line":21,"column":2},"end":{"line":21,"column":64}},"locations":[{"start":{"line":21,"column":2},"end":{"line":21,"column":64}}]},"4":{"type":"branch","line":23,"loc":{"start":{"line":23,"column":16},"end":{"line":25,"column":4}},"locations":[{"start":{"line":23,"column":16},"end":{"line":25,"column":4}}]},"5":{"type":"branch","line":27,"loc":{"start":{"line":27,"column":2},"end":{"line":38,"column":3}},"locations":[{"start":{"line":27,"column":2},"end":{"line":38,"column":3}}]},"6":{"type":"branch","line":28,"loc":{"start":{"line":28,"column":29},"end":{"line":35,"column":5}},"locations":[{"start":{"line":28,"column":29},"end":{"line":35,"column":5}}]},"7":{"type":"branch","line":35,"loc":{"start":{"line":35,"column":4},"end":{"line":37,"column":31}},"locations":[{"start":{"line":35,"column":4},"end":{"line":37,"column":31}}]}},"b":{"0":[5],"1":[6],"2":[6],"3":[3],"4":[1],"5":[13],"6":[6],"7":[7]},"fnMap":{"0":{"name":"<instance_members_initializer>","decl":{"start":{"line":8,"column":0},"end":{"line":39,"column":1}},"loc":{"start":{"line":8,"column":0},"end":{"line":39,"column":1}},"line":8},"1":{"name":"ErrorBoundary","decl":{"start":{"line":12,"column":2},"end":{"line":15,"column":3}},"loc":{"start":{"line":12,"column":2},"end":{"line":15,"column":3}},"line":12},"2":{"name":"getDerivedStateFromError","decl":{"start":{"line":17,"column":9},"end":{"line":19,"column":3}},"loc":{"start":{"line":17,"column":9},"end":{"line":19,"column":3}},"line":17},"3":{"name":"componentDidCatch","decl":{"start":{"line":21,"column":2},"end":{"line":21,"column":64}},"loc":{"start":{"line":21,"column":2},"end":{"line":21,"column":64}},"line":21},"4":{"name":"handleReset","decl":{"start":{"line":23,"column":16},"end":{"line":25,"column":4}},"loc":{"start":{"line":23,"column":16},"end":{"line":25,"column":4}},"line":23},"5":{"name":"render","decl":{"start":{"line":27,"column":2},"end":{"line":38,"column":3}},"loc":{"start":{"line":27,"column":2},"end":{"line":38,"column":3}},"line":27}},"f":{"0":5,"1":6,"2":6,"3":3,"4":1,"5":13}}
,"F:\\RSSCHOOL\\REACT2025Q1\\rs-react-app\\src\\Listeners\\Listeners.tsx": {"path":"F:\\RSSCHOOL\\REACT2025Q1\\rs-react-app\\src\\Listeners\\Listeners.tsx","all":false,"statementMap":{"0":{"start":{"line":1,"column":0},"end":{"line":1,"column":47}},"1":{"start":{"line":2,"column":0},"end":{"line":2,"column":45}},"2":{"start":{"line":3,"column":0},"end":{"line":3,"column":42}},"3":{"start":{"line":4,"column":0},"end":{"line":4,"column":71}},"16":{"start":{"line":17,"column":0},"end":{"line":17,"column":23}},"17":{"start":{"line":18,"column":0},"end":{"line":18,"column":15}},"18":{"start":{"line":19,"column":0},"end":{"line":19,"column":14}},"19":{"start":{"line":20,"column":0},"end":{"line":20,"column":11}},"20":{"start":{"line":21,"column":0},"end":{"line":21,"column":15}},"21":{"start":{"line":22,"column":0},"end":{"line":22,"column":15}},"22":{"start":{"line":23,"column":0},"end":{"line":23,"column":14}},"23":{"start":{"line":24,"column":0},"end":{"line":24,"column":16}},"24":{"start":{"line":25,"column":0},"end":{"line":25,"column":9}},"25":{"start":{"line":26,"column":0},"end":{"line":26,"column":23}},"26":{"start":{"line":27,"column":0},"end":{"line":27,"column":33}},"28":{"start":{"line":29,"column":0},"end":{"line":29,"column":51}},"29":{"start":{"line":30,"column":0},"end":{"line":30,"column":31}},"31":{"start":{"line":32,"column":0},"end":{"line":32,"column":9}},"32":{"start":{"line":33,"column":0},"end":{"line":33,"column":37}},"33":{"start":{"line":34,"column":0},"end":{"line":34,"column":20}},"34":{"start":{"line":35,"column":0},"end":{"line":35,"column":13}},"35":{"start":{"line":36,"column":0},"end":{"line":36,"column":17}},"36":{"start":{"line":37,"column":0},"end":{"line":37,"column":16}},"37":{"start":{"line":38,"column":0},"end":{"line":38,"column":14}},"38":{"start":{"line":39,"column":0},"end":{"line":39,"column":8}},"40":{"start":{"line":41,"column":0},"end":{"line":41,"column":24}},"41":{"start":{"line":42,"column":0},"end":{"line":42,"column":40}},"42":{"start":{"line":43,"column":0},"end":{"line":43,"column":30}},"43":{"start":{"line":44,"column":0},"end":{"line":44,"column":14}},"44":{"start":{"line":45,"column":0},"end":{"line":45,"column":7}},"45":{"start":{"line":46,"column":0},"end":{"line":46,"column":21}},"46":{"start":{"line":47,"column":0},"end":{"line":47,"column":35}},"47":{"start":{"line":48,"column":0},"end":{"line":48,"column":43}},"48":{"start":{"line":49,"column":0},"end":{"line":49,"column":41}},"49":{"start":{"line":50,"column":0},"end":{"line":50,"column":30}},"50":{"start":{"line":51,"column":0},"end":{"line":51,"column":14}},"51":{"start":{"line":52,"column":0},"end":{"line":52,"column":54}},"52":{"start":{"line":53,"column":0},"end":{"line":53,"column":41}},"53":{"start":{"line":54,"column":0},"end":{"line":54,"column":30}},"54":{"start":{"line":55,"column":0},"end":{"line":55,"column":7}},"55":{"start":{"line":56,"column":0},"end":{"line":56,"column":15}},"56":{"start":{"line":57,"column":0},"end":{"line":57,"column":34}},"57":{"start":{"line":58,"column":0},"end":{"line":58,"column":5}},"58":{"start":{"line":59,"column":0},"end":{"line":59,"column":6}},"59":{"start":{"line":60,"column":0},"end":{"line":60,"column":16}},"60":{"start":{"line":61,"column":0},"end":{"line":61,"column":9}},"61":{"start":{"line":62,"column":0},"end":{"line":62,"column":13}},"62":{"start":{"line":63,"column":0},"end":{"line":63,"column":12}},"63":{"start":{"line":64,"column":0},"end":{"line":64,"column":11}},"64":{"start":{"line":65,"column":0},"end":{"line":65,"column":18}},"65":{"start":{"line":66,"column":0},"end":{"line":66,"column":12}},"66":{"start":{"line":67,"column":0},"end":{"line":67,"column":12}},"67":{"start":{"line":68,"column":0},"end":{"line":68,"column":5}},"69":{"start":{"line":70,"column":0},"end":{"line":70,"column":19}},"70":{"start":{"line":71,"column":0},"end":{"line":71,"column":23}},"71":{"start":{"line":72,"column":0},"end":{"line":72,"column":24}},"72":{"start":{"line":73,"column":0},"end":{"line":73,"column":5}},"73":{"start":{"line":74,"column":0},"end":{"line":74,"column":57}},"74":{"start":{"line":75,"column":0},"end":{"line":75,"column":2}},"76":{"start":{"line":77,"column":0},"end":{"line":77,"column":56}},"77":{"start":{"line":78,"column":0},"end":{"line":78,"column":22}},"78":{"start":{"line":79,"column":0},"end":{"line":79,"column":14}},"79":{"start":{"line":80,"column":0},"end":{"line":80,"column":2}},"81":{"start":{"line":82,"column":0},"end":{"line":82,"column":25}}},"s":{"0":1,"1":1,"2":1,"3":1,"16":1,"17":6,"18":6,"19":6,"20":6,"21":6,"22":6,"23":6,"24":6,"25":6,"26":6,"28":6,"29":3,"31":3,"32":3,"33":3,"34":3,"35":3,"36":3,"37":3,"38":3,"40":1,"41":1,"42":1,"43":3,"44":0,"45":3,"46":2,"47":1,"48":1,"49":1,"50":1,"51":1,"52":1,"53":1,"54":1,"55":3,"56":3,"57":3,"58":6,"59":6,"60":6,"61":6,"62":6,"63":6,"64":6,"65":6,"66":6,"67":6,"69":6,"70":6,"71":3,"72":3,"73":6,"74":6,"76":1,"77":6,"78":6,"79":6,"81":1},"branchMap":{"0":{"type":"branch","line":17,"loc":{"start":{"line":17,"column":21},"end":{"line":75,"column":2}},"locations":[{"start":{"line":17,"column":21},"end":{"line":75,"column":2}}]},"1":{"type":"branch","line":29,"loc":{"start":{"line":29,"column":38},"end":{"line":59,"column":5}},"locations":[{"start":{"line":29,"column":38},"end":{"line":59,"column":5}}]},"2":{"type":"branch","line":39,"loc":{"start":{"line":39,"column":6},"end":{"line":44,"column":13}},"locations":[{"start":{"line":39,"column":6},"end":{"line":44,"column":13}}]},"3":{"type":"branch","line":44,"loc":{"start":{"line":44,"column":6},"end":{"line":45,"column":7}},"locations":[{"start":{"line":44,"column":6},"end":{"line":45,"column":7}}]},"4":{"type":"branch","line":46,"loc":{"start":{"line":46,"column":4},"end":{"line":56,"column":6}},"locations":[{"start":{"line":46,"column":4},"end":{"line":56,"column":6}}]},"5":{"type":"branch","line":47,"loc":{"start":{"line":47,"column":34},"end":{"line":55,"column":7}},"locations":[{"start":{"line":47,"column":34},"end":{"line":55,"column":7}}]},"6":{"type":"branch","line":70,"loc":{"start":{"line":70,"column":12},"end":{"line":74,"column":5}},"locations":[{"start":{"line":70,"column":12},"end":{"line":74,"column":5}}]},"7":{"type":"branch","line":71,"loc":{"start":{"line":71,"column":22},"end":{"line":73,"column":5}},"locations":[{"start":{"line":71,"column":22},"end":{"line":73,"column":5}}]},"8":{"type":"branch","line":77,"loc":{"start":{"line":77,"column":44},"end":{"line":80,"column":2}},"locations":[{"start":{"line":77,"column":44},"end":{"line":80,"column":2}}]}},"b":{"0":[6],"1":[3],"2":[1],"3":[0],"4":[2],"5":[1],"6":[6],"7":[3],"8":[6]},"fnMap":{"0":{"name":"useFetchData","decl":{"start":{"line":17,"column":21},"end":{"line":75,"column":2}},"loc":{"start":{"line":17,"column":21},"end":{"line":75,"column":2}},"line":17},"1":{"name":"Listeners","decl":{"start":{"line":77,"column":44},"end":{"line":80,"column":2}},"loc":{"start":{"line":77,"column":44},"end":{"line":80,"column":2}},"line":77}},"f":{"0":6,"1":6}}
,"F:\\RSSCHOOL\\REACT2025Q1\\rs-react-app\\src\\Store\\Store.tsx": {"path":"F:\\RSSCHOOL\\REACT2025Q1\\rs-react-app\\src\\Store\\Store.tsx","all":false,"statementMap":{"0":{"start":{"line":1,"column":0},"end":{"line":1,"column":63}},"1":{"start":{"line":2,"column":0},"end":{"line":2,"column":44}},"20":{"start":{"line":21,"column":0},"end":{"line":21,"column":36}},"21":{"start":{"line":22,"column":0},"end":{"line":22,"column":12}},"22":{"start":{"line":23,"column":0},"end":{"line":23,"column":14}},"23":{"start":{"line":24,"column":0},"end":{"line":24,"column":20}},"24":{"start":{"line":25,"column":0},"end":{"line":25,"column":18}},"25":{"start":{"line":26,"column":0},"end":{"line":26,"column":2}},"27":{"start":{"line":28,"column":0},"end":{"line":28,"column":34}},"28":{"start":{"line":29,"column":0},"end":{"line":29,"column":18}},"29":{"start":{"line":30,"column":0},"end":{"line":30,"column":15}},"30":{"start":{"line":31,"column":0},"end":{"line":31,"column":13}},"31":{"start":{"line":32,"column":0},"end":{"line":32,"column":34}},"32":{"start":{"line":33,"column":0},"end":{"line":33,"column":35}},"33":{"start":{"line":34,"column":0},"end":{"line":34,"column":6}},"34":{"start":{"line":35,"column":0},"end":{"line":35,"column":34}},"35":{"start":{"line":36,"column":0},"end":{"line":36,"column":35}},"36":{"start":{"line":37,"column":0},"end":{"line":37,"column":6}},"37":{"start":{"line":38,"column":0},"end":{"line":38,"column":45}},"38":{"start":{"line":39,"column":0},"end":{"line":39,"column":43}},"39":{"start":{"line":40,"column":0},"end":{"line":40,"column":5}},"40":{"start":{"line":41,"column":0},"end":{"line":41,"column":3}},"41":{"start":{"line":42,"column":0},"end":{"line":42,"column":3}},"43":{"start":{"line":44,"column":0},"end":{"line":44,"column":80}},"44":{"start":{"line":45,"column":0},"end":{"line":45,"column":36}},"46":{"start":{"line":47,"column":0},"end":{"line":47,"column":30}},"47":{"start":{"line":48,"column":0},"end":{"line":48,"column":58}},"48":{"start":{"line":49,"column":0},"end":{"line":49,"column":30}},"49":{"start":{"line":50,"column":0},"end":{"line":50,"column":18}},"50":{"start":{"line":51,"column":0},"end":{"line":51,"column":4}},"52":{"start":{"line":53,"column":0},"end":{"line":53,"column":37}},"53":{"start":{"line":54,"column":0},"end":{"line":54,"column":12}},"54":{"start":{"line":55,"column":0},"end":{"line":55,"column":27}},"55":{"start":{"line":56,"column":0},"end":{"line":56,"column":4}},"56":{"start":{"line":57,"column":0},"end":{"line":57,"column":39}},"57":{"start":{"line":58,"column":0},"end":{"line":58,"column":57}},"58":{"start":{"line":59,"column":0},"end":{"line":59,"column":3}}},"s":{"0":1,"1":1,"20":1,"21":1,"22":1,"23":1,"24":1,"25":1,"27":1,"28":1,"29":1,"30":1,"31":1,"32":0,"33":0,"34":1,"35":0,"36":0,"37":1,"38":0,"39":0,"40":1,"41":1,"43":1,"44":1,"46":1,"47":1,"48":0,"49":0,"50":0,"52":1,"53":1,"54":1,"55":1,"56":1,"57":2,"58":1},"branchMap":{"0":{"type":"branch","line":48,"loc":{"start":{"line":48,"column":2},"end":{"line":51,"column":4}},"locations":[{"start":{"line":48,"column":2},"end":{"line":51,"column":4}}]},"1":{"type":"branch","line":48,"loc":{"start":{"line":48,"column":8},"end":{"line":51,"column":4}},"locations":[{"start":{"line":48,"column":8},"end":{"line":51,"column":4}}]},"2":{"type":"branch","line":57,"loc":{"start":{"line":57,"column":14},"end":{"line":58,"column":57}},"locations":[{"start":{"line":57,"column":14},"end":{"line":58,"column":57}}]}},"b":{"0":[2],"1":[2],"2":[2]},"fnMap":{"0":{"name":"setItems","decl":{"start":{"line":32,"column":14},"end":{"line":34,"column":6}},"loc":{"start":{"line":32,"column":14},"end":{"line":34,"column":6}},"line":32},"1":{"name":"setError","decl":{"start":{"line":35,"column":14},"end":{"line":37,"column":6}},"loc":{"start":{"line":35,"column":14},"end":{"line":37,"column":6}},"line":35},"2":{"name":"updateSelectedItems","decl":{"start":{"line":38,"column":25},"end":{"line":40,"column":5}},"loc":{"start":{"line":38,"column":25},"end":{"line":40,"column":5}},"line":38},"3":{"name":"customLoggerMiddleware","decl":{"start":{"line":48,"column":2},"end":{"line":51,"column":4}},"loc":{"start":{"line":48,"column":2},"end":{"line":51,"column":4}},"line":48},"4":{"name":"middleware","decl":{"start":{"line":57,"column":14},"end":{"line":58,"column":57}},"loc":{"start":{"line":57,"column":14},"end":{"line":58,"column":57}},"line":57}},"f":{"0":0,"1":0,"2":0,"3":2,"4":2}}
,"F:\\RSSCHOOL\\REACT2025Q1\\rs-react-app\\src\\Store\\loggerMiddleware.tsx": {"path":"F:\\RSSCHOOL\\REACT2025Q1\\rs-react-app\\src\\Store\\loggerMiddleware.tsx","all":true,"statementMap":{"2":{"start":{"line":3,"column":0},"end":{"line":3,"column":66}},"3":{"start":{"line":4,"column":0},"end":{"line":4,"column":22}},"4":{"start":{"line":5,"column":0},"end":{"line":5,"column":2}},"6":{"start":{"line":7,"column":0},"end":{"line":7,"column":32}}},"s":{"2":0,"3":0,"4":0,"6":0},"branchMap":{"0":{"type":"branch","line":1,"loc":{"start":{"line":1,"column":174},"end":{"line":7,"column":32}},"locations":[{"start":{"line":1,"column":174},"end":{"line":7,"column":32}}]}},"b":{"0":[1]},"fnMap":{"0":{"name":"(empty-report)","decl":{"start":{"line":1,"column":174},"end":{"line":7,"column":32}},"loc":{"start":{"line":1,"column":174},"end":{"line":7,"column":32}},"line":1}},"f":{"0":1}}
,"F:\\RSSCHOOL\\REACT2025Q1\\rs-react-app\\src\\Store\\resultsSlice.tsx": {"path":"F:\\RSSCHOOL\\REACT2025Q1\\rs-react-app\\src\\Store\\resultsSlice.tsx","all":false,"statementMap":{"0":{"start":{"line":1,"column":0},"end":{"line":1,"column":62}},"10":{"start":{"line":11,"column":0},"end":{"line":11,"column":36}},"11":{"start":{"line":12,"column":0},"end":{"line":12,"column":29}},"12":{"start":{"line":13,"column":0},"end":{"line":13,"column":14}},"13":{"start":{"line":14,"column":0},"end":{"line":14,"column":20}},"14":{"start":{"line":15,"column":0},"end":{"line":15,"column":18}},"15":{"start":{"line":16,"column":0},"end":{"line":16,"column":2}},"17":{"start":{"line":18,"column":0},"end":{"line":18,"column":34}},"18":{"start":{"line":19,"column":0},"end":{"line":19,"column":18}},"19":{"start":{"line":20,"column":0},"end":{"line":20,"column":15}},"20":{"start":{"line":21,"column":0},"end":{"line":21,"column":13}},"21":{"start":{"line":22,"column":0},"end":{"line":22,"column":57}},"22":{"start":{"line":23,"column":0},"end":{"line":23,"column":35}},"23":{"start":{"line":24,"column":0},"end":{"line":24,"column":6}},"24":{"start":{"line":25,"column":0},"end":{"line":25,"column":64}},"25":{"start":{"line":26,"column":0},"end":{"line":26,"column":35}},"26":{"start":{"line":27,"column":0},"end":{"line":27,"column":6}},"27":{"start":{"line":28,"column":0},"end":{"line":28,"column":68}},"28":{"start":{"line":29,"column":0},"end":{"line":29,"column":43}},"29":{"start":{"line":30,"column":0},"end":{"line":30,"column":6}},"30":{"start":{"line":31,"column":0},"end":{"line":31,"column":60}},"31":{"start":{"line":32,"column":0},"end":{"line":32,"column":39}},"32":{"start":{"line":33,"column":0},"end":{"line":33,"column":5}},"33":{"start":{"line":34,"column":0},"end":{"line":34,"column":3}},"34":{"start":{"line":35,"column":0},"end":{"line":35,"column":3}},"36":{"start":{"line":37,"column":0},"end":{"line":37,"column":70}},"37":{"start":{"line":38,"column":0},"end":{"line":38,"column":23}},"38":{"start":{"line":39,"column":0},"end":{"line":39,"column":36}}},"s":{"0":1,"10":1,"11":1,"12":1,"13":1,"14":1,"15":1,"17":1,"18":1,"19":1,"20":1,"21":1,"22":1,"23":1,"24":1,"25":2,"26":2,"27":1,"28":3,"29":3,"30":1,"31":6,"32":6,"33":1,"34":1,"36":1,"37":1,"38":1},"branchMap":{"0":{"type":"branch","line":22,"loc":{"start":{"line":22,"column":14},"end":{"line":24,"column":6}},"locations":[{"start":{"line":22,"column":14},"end":{"line":24,"column":6}}]},"1":{"type":"branch","line":25,"loc":{"start":{"line":25,"column":14},"end":{"line":27,"column":6}},"locations":[{"start":{"line":25,"column":14},"end":{"line":27,"column":6}}]},"2":{"type":"branch","line":28,"loc":{"start":{"line":28,"column":25},"end":{"line":30,"column":6}},"locations":[{"start":{"line":28,"column":25},"end":{"line":30,"column":6}}]},"3":{"type":"branch","line":31,"loc":{"start":{"line":31,"column":16},"end":{"line":33,"column":5}},"locations":[{"start":{"line":31,"column":16},"end":{"line":33,"column":5}}]}},"b":{"0":[1],"1":[2],"2":[3],"3":[6]},"fnMap":{"0":{"name":"setItems","decl":{"start":{"line":22,"column":14},"end":{"line":24,"column":6}},"loc":{"start":{"line":22,"column":14},"end":{"line":24,"column":6}},"line":22},"1":{"name":"setError","decl":{"start":{"line":25,"column":14},"end":{"line":27,"column":6}},"loc":{"start":{"line":25,"column":14},"end":{"line":27,"column":6}},"line":25},"2":{"name":"updateSelectedItems","decl":{"start":{"line":28,"column":25},"end":{"line":30,"column":6}},"loc":{"start":{"line":28,"column":25},"end":{"line":30,"column":6}},"line":28},"3":{"name":"setLoading","decl":{"start":{"line":31,"column":16},"end":{"line":33,"column":5}},"loc":{"start":{"line":31,"column":16},"end":{"line":33,"column":5}},"line":31}},"f":{"0":1,"1":2,"2":3,"3":6}}
,"F:\\RSSCHOOL\\REACT2025Q1\\rs-react-app\\src\\components\\Button\\Button.tsx": {"path":"F:\\RSSCHOOL\\REACT2025Q1\\rs-react-app\\src\\components\\Button\\Button.tsx","all":false,"statementMap":{"7":{"start":{"line":8,"column":0},"end":{"line":8,"column":56}},"8":{"start":{"line":9,"column":0},"end":{"line":9,"column":10}},"9":{"start":{"line":10,"column":0},"end":{"line":10,"column":49}},"10":{"start":{"line":11,"column":0},"end":{"line":11,"column":12}},"11":{"start":{"line":12,"column":0},"end":{"line":12,"column":13}},"13":{"start":{"line":14,"column":0},"end":{"line":14,"column":2}},"15":{"start":{"line":16,"column":0},"end":{"line":16,"column":22}}},"s":{"7":1,"8":8,"9":8,"10":8,"11":8,"13":8,"15":1},"branchMap":{"0":{"type":"branch","line":8,"loc":{"start":{"line":8,"column":32},"end":{"line":14,"column":2}},"locations":[{"start":{"line":8,"column":32},"end":{"line":14,"column":2}}]}},"b":{"0":[8]},"fnMap":{"0":{"name":"Button","decl":{"start":{"line":8,"column":32},"end":{"line":14,"column":2}},"loc":{"start":{"line":8,"column":32},"end":{"line":14,"column":2}},"line":8}},"f":{"0":8}}
,"F:\\RSSCHOOL\\REACT2025Q1\\rs-react-app\\src\\components\\Flyout\\Flyout.tsx": {"path":"F:\\RSSCHOOL\\REACT2025Q1\\rs-react-app\\src\\components\\Flyout\\Flyout.tsx","all":false,"statementMap":{"0":{"start":{"line":1,"column":0},"end":{"line":1,"column":55}},"2":{"start":{"line":3,"column":0},"end":{"line":3,"column":63}},"3":{"start":{"line":4,"column":0},"end":{"line":4,"column":23}},"5":{"start":{"line":6,"column":0},"end":{"line":6,"column":32}},"6":{"start":{"line":7,"column":0},"end":{"line":7,"column":33}},"7":{"start":{"line":8,"column":0},"end":{"line":8,"column":36}},"8":{"start":{"line":9,"column":0},"end":{"line":9,"column":53}},"9":{"start":{"line":10,"column":0},"end":{"line":10,"column":4}},"11":{"start":{"line":12,"column":0},"end":{"line":12,"column":35}},"12":{"start":{"line":13,"column":0},"end":{"line":13,"column":16}},"13":{"start":{"line":14,"column":0},"end":{"line":14,"column":3}},"15":{"start":{"line":16,"column":0},"end":{"line":16,"column":35}},"16":{"start":{"line":17,"column":0},"end":{"line":17,"column":38}},"17":{"start":{"line":18,"column":0},"end":{"line":18,"column":4}},"19":{"start":{"line":20,"column":0},"end":{"line":20,"column":32}},"20":{"start":{"line":21,"column":0},"end":{"line":21,"column":21}},"21":{"start":{"line":22,"column":0},"end":{"line":22,"column":11}},"22":{"start":{"line":23,"column":0},"end":{"line":23,"column":13}},"23":{"start":{"line":24,"column":0},"end":{"line":24,"column":11}},"24":{"start":{"line":25,"column":0},"end":{"line":25,"column":21}},"25":{"start":{"line":26,"column":0},"end":{"line":26,"column":15}},"26":{"start":{"line":27,"column":0},"end":{"line":27,"column":15}},"27":{"start":{"line":28,"column":0},"end":{"line":28,"column":20}},"28":{"start":{"line":29,"column":0},"end":{"line":29,"column":17}},"29":{"start":{"line":30,"column":0},"end":{"line":30,"column":16}},"31":{"start":{"line":32,"column":0},"end":{"line":32,"column":44}},"32":{"start":{"line":33,"column":0},"end":{"line":33,"column":7}},"33":{"start":{"line":34,"column":0},"end":{"line":34,"column":16}},"34":{"start":{"line":35,"column":0},"end":{"line":35,"column":18}},"35":{"start":{"line":36,"column":0},"end":{"line":36,"column":16}},"36":{"start":{"line":37,"column":0},"end":{"line":37,"column":31}},"37":{"start":{"line":38,"column":0},"end":{"line":38,"column":20}},"38":{"start":{"line":39,"column":0},"end":{"line":39,"column":20}},"39":{"start":{"line":40,"column":0},"end":{"line":40,"column":51}},"40":{"start":{"line":41,"column":0},"end":{"line":41,"column":32}},"41":{"start":{"line":42,"column":0},"end":{"line":42,"column":7}},"42":{"start":{"line":43,"column":0},"end":{"line":43,"column":37}},"43":{"start":{"line":44,"column":0},"end":{"line":44,"column":18}},"44":{"start":{"line":45,"column":0},"end":{"line":45,"column":6}},"46":{"start":{"line":47,"column":0},"end":{"line":47,"column":53}},"48":{"start":{"line":49,"column":0},"end":{"line":49,"column":77}},"49":{"start":{"line":50,"column":0},"end":{"line":50,"column":42}},"50":{"start":{"line":51,"column":0},"end":{"line":51,"column":45}},"51":{"start":{"line":52,"column":0},"end":{"line":52,"column":20}},"52":{"start":{"line":53,"column":0},"end":{"line":53,"column":74}},"53":{"start":{"line":54,"column":0},"end":{"line":54,"column":36}},"54":{"start":{"line":55,"column":0},"end":{"line":55,"column":17}},"55":{"start":{"line":56,"column":0},"end":{"line":56,"column":36}},"56":{"start":{"line":57,"column":0},"end":{"line":57,"column":29}},"57":{"start":{"line":58,"column":0},"end":{"line":58,"column":4}},"59":{"start":{"line":60,"column":0},"end":{"line":60,"column":10}},"60":{"start":{"line":61,"column":0},"end":{"line":61,"column":28}},"61":{"start":{"line":62,"column":0},"end":{"line":62,"column":60}},"62":{"start":{"line":63,"column":0},"end":{"line":63,"column":38}},"63":{"start":{"line":64,"column":0},"end":{"line":64,"column":65}},"64":{"start":{"line":65,"column":0},"end":{"line":65,"column":58}},"65":{"start":{"line":66,"column":0},"end":{"line":66,"column":12}},"66":{"start":{"line":67,"column":0},"end":{"line":67,"column":10}},"68":{"start":{"line":69,"column":0},"end":{"line":69,"column":2}},"70":{"start":{"line":71,"column":0},"end":{"line":71,"column":22}}},"s":{"0":1,"2":1,"3":1,"5":1,"6":5,"7":5,"8":5,"9":5,"11":5,"12":2,"13":2,"15":3,"16":1,"17":1,"19":3,"20":1,"21":1,"22":1,"23":1,"24":1,"25":1,"26":1,"27":1,"28":1,"29":1,"31":1,"32":1,"33":1,"34":1,"35":1,"36":1,"37":1,"38":1,"39":1,"40":1,"41":1,"42":1,"43":1,"44":1,"46":1,"48":1,"49":1,"50":1,"51":1,"52":1,"53":1,"54":1,"55":1,"56":1,"57":1,"59":3,"60":3,"61":3,"62":3,"63":3,"64":3,"65":3,"66":3,"68":3,"70":1},"branchMap":{"0":{"type":"branch","line":6,"loc":{"start":{"line":6,"column":25},"end":{"line":69,"column":2}},"locations":[{"start":{"line":6,"column":25},"end":{"line":69,"column":2}}]},"1":{"type":"branch","line":12,"loc":{"start":{"line":12,"column":34},"end":{"line":14,"column":3}},"locations":[{"start":{"line":12,"column":34},"end":{"line":14,"column":3}}]},"2":{"type":"branch","line":14,"loc":{"start":{"line":14,"column":2},"end":{"line":69,"column":2}},"locations":[{"start":{"line":14,"column":2},"end":{"line":69,"column":2}}]},"3":{"type":"branch","line":9,"loc":{"start":{"line":9,"column":4},"end":{"line":9,"column":53}},"locations":[{"start":{"line":9,"column":4},"end":{"line":9,"column":53}}]},"4":{"type":"branch","line":16,"loc":{"start":{"line":16,"column":28},"end":{"line":18,"column":4}},"locations":[{"start":{"line":16,"column":28},"end":{"line":18,"column":4}}]},"5":{"type":"branch","line":20,"loc":{"start":{"line":20,"column":25},"end":{"line":58,"column":4}},"locations":[{"start":{"line":20,"column":25},"end":{"line":58,"column":4}}]},"6":{"type":"branch","line":32,"loc":{"start":{"line":32,"column":35},"end":{"line":44,"column":18}},"locations":[{"start":{"line":32,"column":35},"end":{"line":44,"column":18}}]},"7":{"type":"branch","line":40,"loc":{"start":{"line":40,"column":13},"end":{"line":40,"column":33}},"locations":[{"start":{"line":40,"column":13},"end":{"line":40,"column":33}}]},"8":{"type":"branch","line":43,"loc":{"start":{"line":43,"column":13},"end":{"line":43,"column":36}},"locations":[{"start":{"line":43,"column":13},"end":{"line":43,"column":36}}]}},"b":{"0":[5],"1":[2],"2":[3],"3":[10],"4":[1],"5":[1],"6":[1],"7":[0],"8":[8]},"fnMap":{"0":{"name":"Flyout","decl":{"start":{"line":6,"column":25},"end":{"line":69,"column":2}},"loc":{"start":{"line":6,"column":25},"end":{"line":69,"column":2}},"line":6},"1":{"name":"handleUnselectAll","decl":{"start":{"line":16,"column":28},"end":{"line":18,"column":4}},"loc":{"start":{"line":16,"column":28},"end":{"line":18,"column":4}},"line":16},"2":{"name":"handleDownload","decl":{"start":{"line":20,"column":25},"end":{"line":58,"column":4}},"loc":{"start":{"line":20,"column":25},"end":{"line":58,"column":4}},"line":20}},"f":{"0":5,"1":1,"2":1}}
,"F:\\RSSCHOOL\\REACT2025Q1\\rs-react-app\\src\\components\\Header\\Header.tsx": {"path":"F:\\RSSCHOOL\\REACT2025Q1\\rs-react-app\\src\\components\\Header\\Header.tsx","all":false,"statementMap":{"0":{"start":{"line":1,"column":0},"end":{"line":1,"column":22}},"1":{"start":{"line":2,"column":0},"end":{"line":2,"column":33}},"2":{"start":{"line":3,"column":0},"end":{"line":3,"column":27}},"3":{"start":{"line":4,"column":0},"end":{"line":4,"column":11}},"6":{"start":{"line":7,"column":0},"end":{"line":7,"column":22}}},"s":{"0":1,"1":1,"2":1,"3":1,"6":1},"branchMap":{"0":{"type":"branch","line":1,"loc":{"start":{"line":1,"column":15},"end":{"line":4,"column":11}},"locations":[{"start":{"line":1,"column":15},"end":{"line":4,"column":11}}]}},"b":{"0":[1]},"fnMap":{"0":{"name":"Header","decl":{"start":{"line":1,"column":15},"end":{"line":4,"column":11}},"loc":{"start":{"line":1,"column":15},"end":{"line":4,"column":11}},"line":1}},"f":{"0":1}}
,"F:\\RSSCHOOL\\REACT2025Q1\\rs-react-app\\src\\components\\ItemDetails\\ItemDetails.tsx": {"path":"F:\\RSSCHOOL\\REACT2025Q1\\rs-react-app\\src\\components\\ItemDetails\\ItemDetails.tsx","all":false,"statementMap":{"0":{"start":{"line":1,"column":0},"end":{"line":1,"column":51}},"2":{"start":{"line":3,"column":0},"end":{"line":3,"column":38}},"3":{"start":{"line":4,"column":0},"end":{"line":4,"column":28}},"10":{"start":{"line":11,"column":0},"end":{"line":11,"column":72}},"11":{"start":{"line":12,"column":0},"end":{"line":12,"column":60}},"12":{"start":{"line":13,"column":0},"end":{"line":13,"column":47}},"14":{"start":{"line":15,"column":0},"end":{"line":15,"column":19}},"15":{"start":{"line":16,"column":0},"end":{"line":16,"column":28}},"16":{"start":{"line":17,"column":0},"end":{"line":17,"column":24}},"17":{"start":{"line":18,"column":0},"end":{"line":18,"column":13}},"18":{"start":{"line":19,"column":0},"end":{"line":19,"column":5}},"20":{"start":{"line":21,"column":0},"end":{"line":21,"column":38}},"21":{"start":{"line":22,"column":0},"end":{"line":22,"column":11}},"22":{"start":{"line":23,"column":0},"end":{"line":23,"column":37}},"23":{"start":{"line":24,"column":0},"end":{"line":24,"column":57}},"24":{"start":{"line":25,"column":0},"end":{"line":25,"column":10}},"25":{"start":{"line":26,"column":0},"end":{"line":26,"column":43}},"26":{"start":{"line":27,"column":0},"end":{"line":27,"column":25}},"27":{"start":{"line":28,"column":0},"end":{"line":28,"column":27}},"28":{"start":{"line":29,"column":0},"end":{"line":29,"column":16}},"29":{"start":{"line":30,"column":0},"end":{"line":30,"column":32}},"30":{"start":{"line":31,"column":0},"end":{"line":31,"column":9}},"31":{"start":{"line":32,"column":0},"end":{"line":32,"column":23}},"32":{"start":{"line":33,"column":0},"end":{"line":33,"column":17}},"33":{"start":{"line":34,"column":0},"end":{"line":34,"column":26}},"34":{"start":{"line":35,"column":0},"end":{"line":35,"column":7}},"35":{"start":{"line":36,"column":0},"end":{"line":36,"column":6}},"37":{"start":{"line":38,"column":0},"end":{"line":38,"column":19}},"38":{"start":{"line":39,"column":0},"end":{"line":39,"column":13}},"40":{"start":{"line":41,"column":0},"end":{"line":41,"column":16}},"41":{"start":{"line":42,"column":0},"end":{"line":42,"column":22}},"42":{"start":{"line":43,"column":0},"end":{"line":43,"column":3}},"44":{"start":{"line":45,"column":0},"end":{"line":45,"column":17}},"45":{"start":{"line":46,"column":0},"end":{"line":46,"column":44}},"46":{"start":{"line":47,"column":0},"end":{"line":47,"column":3}},"48":{"start":{"line":49,"column":0},"end":{"line":49,"column":10}},"49":{"start":{"line":50,"column":0},"end":{"line":50,"column":34}},"50":{"start":{"line":51,"column":0},"end":{"line":51,"column":46}},"51":{"start":{"line":52,"column":0},"end":{"line":52,"column":29}},"52":{"start":{"line":53,"column":0},"end":{"line":53,"column":10}},"53":{"start":{"line":54,"column":0},"end":{"line":54,"column":31}},"54":{"start":{"line":55,"column":0},"end":{"line":55,"column":34}},"55":{"start":{"line":56,"column":0},"end":{"line":56,"column":26}},"56":{"start":{"line":57,"column":0},"end":{"line":57,"column":8}},"57":{"start":{"line":58,"column":0},"end":{"line":58,"column":33}},"58":{"start":{"line":59,"column":0},"end":{"line":59,"column":10}},"60":{"start":{"line":61,"column":0},"end":{"line":61,"column":2}},"62":{"start":{"line":63,"column":0},"end":{"line":63,"column":27}}},"s":{"0":1,"2":1,"3":1,"10":1,"11":16,"12":16,"14":16,"15":8,"16":0,"17":0,"18":0,"20":8,"21":8,"22":8,"23":8,"24":8,"25":7,"26":8,"27":0,"28":8,"29":7,"30":7,"31":8,"32":8,"33":8,"34":8,"35":8,"37":8,"38":16,"40":16,"41":8,"42":8,"44":16,"45":1,"46":1,"48":7,"49":7,"50":7,"51":7,"52":7,"53":7,"54":7,"55":7,"56":7,"57":7,"58":7,"60":7,"62":1},"branchMap":{"0":{"type":"branch","line":11,"loc":{"start":{"line":11,"column":48},"end":{"line":61,"column":2}},"locations":[{"start":{"line":11,"column":48},"end":{"line":61,"column":2}}]},"1":{"type":"branch","line":41,"loc":{"start":{"line":41,"column":15},"end":{"line":45,"column":16}},"locations":[{"start":{"line":41,"column":15},"end":{"line":45,"column":16}}]},"2":{"type":"branch","line":45,"loc":{"start":{"line":45,"column":16},"end":{"line":47,"column":3}},"locations":[{"start":{"line":45,"column":16},"end":{"line":47,"column":3}}]},"3":{"type":"branch","line":47,"loc":{"start":{"line":47,"column":2},"end":{"line":61,"column":2}},"locations":[{"start":{"line":47,"column":2},"end":{"line":61,"column":2}}]},"4":{"type":"branch","line":15,"loc":{"start":{"line":15,"column":12},"end":{"line":39,"column":5}},"locations":[{"start":{"line":15,"column":12},"end":{"line":39,"column":5}}]},"5":{"type":"branch","line":16,"loc":{"start":{"line":16,"column":27},"end":{"line":19,"column":5}},"locations":[{"start":{"line":16,"column":27},"end":{"line":19,"column":5}}]},"6":{"type":"branch","line":21,"loc":{"start":{"line":21,"column":25},"end":{"line":36,"column":6}},"locations":[{"start":{"line":21,"column":25},"end":{"line":36,"column":6}}]},"7":{"type":"branch","line":25,"loc":{"start":{"line":25,"column":8},"end":{"line":27,"column":24}},"locations":[{"start":{"line":25,"column":8},"end":{"line":27,"column":24}}]},"8":{"type":"branch","line":27,"loc":{"start":{"line":27,"column":24},"end":{"line":29,"column":15}},"locations":[{"start":{"line":27,"column":24},"end":{"line":29,"column":15}}]},"9":{"type":"branch","line":29,"loc":{"start":{"line":29,"column":8},"end":{"line":31,"column":9}},"locations":[{"start":{"line":29,"column":8},"end":{"line":31,"column":9}}]},"10":{"type":"branch","line":32,"loc":{"start":{"line":32,"column":6},"end":{"line":33,"column":8}},"locations":[{"start":{"line":32,"column":6},"end":{"line":33,"column":8}}]}},"b":{"0":[16],"1":[8],"2":[1],"3":[7],"4":[8],"5":[0],"6":[8],"7":[7],"8":[0],"9":[7],"10":[1]},"fnMap":{"0":{"name":"ItemDetails","decl":{"start":{"line":11,"column":48},"end":{"line":61,"column":2}},"loc":{"start":{"line":11,"column":48},"end":{"line":61,"column":2}},"line":11},"1":{"name":"fetchDetails","decl":{"start":{"line":21,"column":25},"end":{"line":36,"column":6}},"loc":{"start":{"line":21,"column":25},"end":{"line":36,"column":6}},"line":21}},"f":{"0":16,"1":8}}
,"F:\\RSSCHOOL\\REACT2025Q1\\rs-react-app\\src\\components\\ItemDetails\\ItemDetailsWrapper.tsx": {"path":"F:\\RSSCHOOL\\REACT2025Q1\\rs-react-app\\src\\components\\ItemDetails\\ItemDetailsWrapper.tsx","all":false,"statementMap":{"0":{"start":{"line":1,"column":0},"end":{"line":1,"column":64}},"1":{"start":{"line":2,"column":0},"end":{"line":2,"column":60}},"2":{"start":{"line":3,"column":0},"end":{"line":3,"column":40}},"3":{"start":{"line":4,"column":0},"end":{"line":4,"column":38}},"6":{"start":{"line":7,"column":0},"end":{"line":7,"column":44}},"7":{"start":{"line":8,"column":0},"end":{"line":8,"column":33}},"8":{"start":{"line":9,"column":0},"end":{"line":9,"column":33}},"9":{"start":{"line":10,"column":0},"end":{"line":10,"column":70}},"10":{"start":{"line":11,"column":0},"end":{"line":11,"column":47}},"11":{"start":{"line":12,"column":0},"end":{"line":12,"column":58}},"13":{"start":{"line":14,"column":0},"end":{"line":14,"column":60}},"14":{"start":{"line":15,"column":0},"end":{"line":15,"column":45}},"16":{"start":{"line":17,"column":0},"end":{"line":17,"column":19}},"17":{"start":{"line":18,"column":0},"end":{"line":18,"column":42}},"18":{"start":{"line":19,"column":0},"end":{"line":19,"column":11}},"19":{"start":{"line":20,"column":0},"end":{"line":20,"column":37}},"20":{"start":{"line":21,"column":0},"end":{"line":21,"column":56}},"21":{"start":{"line":22,"column":0},"end":{"line":22,"column":10}},"22":{"start":{"line":23,"column":0},"end":{"line":23,"column":43}},"23":{"start":{"line":24,"column":0},"end":{"line":24,"column":25}},"24":{"start":{"line":25,"column":0},"end":{"line":25,"column":44}},"25":{"start":{"line":26,"column":0},"end":{"line":26,"column":32}},"26":{"start":{"line":27,"column":0},"end":{"line":27,"column":16}},"27":{"start":{"line":28,"column":0},"end":{"line":28,"column":37}},"28":{"start":{"line":29,"column":0},"end":{"line":29,"column":9}},"29":{"start":{"line":30,"column":0},"end":{"line":30,"column":23}},"30":{"start":{"line":31,"column":0},"end":{"line":31,"column":42}},"31":{"start":{"line":32,"column":0},"end":{"line":32,"column":30}},"32":{"start":{"line":33,"column":0},"end":{"line":33,"column":17}},"33":{"start":{"line":34,"column":0},"end":{"line":34,"column":26}},"34":{"start":{"line":35,"column":0},"end":{"line":35,"column":7}},"35":{"start":{"line":36,"column":0},"end":{"line":36,"column":6}},"37":{"start":{"line":38,"column":0},"end":{"line":38,"column":17}},"38":{"start":{"line":39,"column":0},"end":{"line":39,"column":25}},"39":{"start":{"line":40,"column":0},"end":{"line":40,"column":12}},"40":{"start":{"line":41,"column":0},"end":{"line":41,"column":24}},"41":{"start":{"line":42,"column":0},"end":{"line":42,"column":5}},"42":{"start":{"line":43,"column":0},"end":{"line":43,"column":15}},"44":{"start":{"line":45,"column":0},"end":{"line":45,"column":48}},"45":{"start":{"line":46,"column":0},"end":{"line":46,"column":62}},"46":{"start":{"line":47,"column":0},"end":{"line":47,"column":35}},"47":{"start":{"line":48,"column":0},"end":{"line":48,"column":45}},"48":{"start":{"line":49,"column":0},"end":{"line":49,"column":34}},"50":{"start":{"line":51,"column":0},"end":{"line":51,"column":27}},"51":{"start":{"line":52,"column":0},"end":{"line":52,"column":33}},"52":{"start":{"line":53,"column":0},"end":{"line":53,"column":39}},"54":{"start":{"line":55,"column":0},"end":{"line":55,"column":25}},"55":{"start":{"line":56,"column":0},"end":{"line":56,"column":68}},"57":{"start":{"line":58,"column":0},"end":{"line":58,"column":36}},"59":{"start":{"line":60,"column":0},"end":{"line":60,"column":2}},"61":{"start":{"line":62,"column":0},"end":{"line":62,"column":34}}},"s":{"0":1,"1":1,"2":1,"3":1,"6":1,"7":20,"8":20,"9":20,"10":20,"11":20,"13":20,"14":20,"16":20,"17":10,"18":6,"19":6,"20":6,"21":6,"22":5,"23":6,"24":1,"25":1,"26":6,"27":4,"28":4,"29":6,"30":1,"31":1,"32":6,"33":6,"34":6,"35":6,"37":10,"38":6,"39":10,"40":4,"41":4,"42":20,"44":20,"45":2,"46":2,"47":2,"48":20,"50":20,"51":20,"52":20,"54":4,"55":4,"57":0,"59":20,"61":1},"branchMap":{"0":{"type":"branch","line":7,"loc":{"start":{"line":7,"column":37},"end":{"line":60,"column":2}},"locations":[{"start":{"line":7,"column":37},"end":{"line":60,"column":2}}]},"1":{"type":"branch","line":51,"loc":{"start":{"line":51,"column":15},"end":{"line":51,"column":27}},"locations":[{"start":{"line":51,"column":15},"end":{"line":51,"column":27}}]},"2":{"type":"branch","line":51,"loc":{"start":{"line":51,"column":22},"end":{"line":52,"column":22}},"locations":[{"start":{"line":51,"column":22},"end":{"line":52,"column":22}}]},"3":{"type":"branch","line":52,"loc":{"start":{"line":52,"column":15},"end":{"line":53,"column":20}},"locations":[{"start":{"line":52,"column":15},"end":{"line":53,"column":20}}]},"4":{"type":"branch","line":53,"loc":{"start":{"line":53,"column":13},"end":{"line":53,"column":39}},"locations":[{"start":{"line":53,"column":13},"end":{"line":53,"column":39}}]},"5":{"type":"branch","line":53,"loc":{"start":{"line":53,"column":32},"end":{"line":56,"column":68}},"locations":[{"start":{"line":53,"column":32},"end":{"line":56,"column":68}}]},"6":{"type":"branch","line":56,"loc":{"start":{"line":56,"column":66},"end":{"line":58,"column":36}},"locations":[{"start":{"line":56,"column":66},"end":{"line":58,"column":36}}]},"7":{"type":"branch","line":17,"loc":{"start":{"line":17,"column":12},"end":{"line":43,"column":5}},"locations":[{"start":{"line":17,"column":12},"end":{"line":43,"column":5}}]},"8":{"type":"branch","line":38,"loc":{"start":{"line":38,"column":16},"end":{"line":40,"column":11}},"locations":[{"start":{"line":38,"column":16},"end":{"line":40,"column":11}}]},"9":{"type":"branch","line":40,"loc":{"start":{"line":40,"column":4},"end":{"line":42,"column":5}},"locations":[{"start":{"line":40,"column":4},"end":{"line":42,"column":5}}]},"10":{"type":"branch","line":18,"loc":{"start":{"line":18,"column":29},"end":{"line":36,"column":6}},"locations":[{"start":{"line":18,"column":29},"end":{"line":36,"column":6}}]},"11":{"type":"branch","line":22,"loc":{"start":{"line":22,"column":8},"end":{"line":24,"column":24}},"locations":[{"start":{"line":22,"column":8},"end":{"line":24,"column":24}}]},"12":{"type":"branch","line":24,"loc":{"start":{"line":24,"column":24},"end":{"line":27,"column":15}},"locations":[{"start":{"line":24,"column":24},"end":{"line":27,"column":15}}]},"13":{"type":"branch","line":27,"loc":{"start":{"line":27,"column":8},"end":{"line":29,"column":9}},"locations":[{"start":{"line":27,"column":8},"end":{"line":29,"column":9}}]},"14":{"type":"branch","line":30,"loc":{"start":{"line":30,"column":6},"end":{"line":33,"column":8}},"locations":[{"start":{"line":30,"column":6},"end":{"line":33,"column":8}}]},"15":{"type":"branch","line":45,"loc":{"start":{"line":45,"column":41},"end":{"line":49,"column":5}},"locations":[{"start":{"line":45,"column":41},"end":{"line":49,"column":5}}]}},"b":{"0":[20],"1":[8],"2":[12],"3":[6],"4":[2],"5":[4],"6":[0],"7":[10],"8":[6],"9":[4],"10":[6],"11":[5],"12":[1],"13":[4],"14":[1],"15":[2]},"fnMap":{"0":{"name":"ItemDetailsWrapper","decl":{"start":{"line":7,"column":37},"end":{"line":60,"column":2}},"loc":{"start":{"line":7,"column":37},"end":{"line":60,"column":2}},"line":7},"1":{"name":"fetchItemDetails","decl":{"start":{"line":18,"column":29},"end":{"line":36,"column":6}},"loc":{"start":{"line":18,"column":29},"end":{"line":36,"column":6}},"line":18}},"f":{"0":20,"1":6}}
,"F:\\RSSCHOOL\\REACT2025Q1\\rs-react-app\\src\\components\\Loader\\Loader.tsx": {"path":"F:\\RSSCHOOL\\REACT2025Q1\\rs-react-app\\src\\components\\Loader\\Loader.tsx","all":false,"statementMap":{"0":{"start":{"line":1,"column":0},"end":{"line":1,"column":22}},"4":{"start":{"line":5,"column":0},"end":{"line":5,"column":50}},"5":{"start":{"line":6,"column":0},"end":{"line":6,"column":10}},"6":{"start":{"line":7,"column":0},"end":{"line":7,"column":39}},"7":{"start":{"line":8,"column":0},"end":{"line":8,"column":36}},"8":{"start":{"line":9,"column":0},"end":{"line":9,"column":19}},"9":{"start":{"line":10,"column":0},"end":{"line":10,"column":19}},"10":{"start":{"line":11,"column":0},"end":{"line":11,"column":19}},"11":{"start":{"line":12,"column":0},"end":{"line":12,"column":19}},"12":{"start":{"line":13,"column":0},"end":{"line":13,"column":12}},"13":{"start":{"line":14,"column":0},"end":{"line":14,"column":10}},"15":{"start":{"line":16,"column":0},"end":{"line":16,"column":2}},"17":{"start":{"line":18,"column":0},"end":{"line":18,"column":22}}},"s":{"0":1,"4":1,"5":5,"6":5,"7":5,"8":5,"9":5,"10":5,"11":5,"12":5,"13":5,"15":5,"17":1},"branchMap":{"0":{"type":"branch","line":5,"loc":{"start":{"line":5,"column":38},"end":{"line":16,"column":2}},"locations":[{"start":{"line":5,"column":38},"end":{"line":16,"column":2}}]}},"b":{"0":[5]},"fnMap":{"0":{"name":"Loader","decl":{"start":{"line":5,"column":38},"end":{"line":16,"column":2}},"loc":{"start":{"line":5,"column":38},"end":{"line":16,"column":2}},"line":5}},"f":{"0":5}}
,"F:\\RSSCHOOL\\REACT2025Q1\\rs-react-app\\src\\components\\Main\\Main.tsx": {"path":"F:\\RSSCHOOL\\REACT2025Q1\\rs-react-app\\src\\components\\Main\\Main.tsx","all":false,"statementMap":{"0":{"start":{"line":1,"column":0},"end":{"line":1,"column":42}},"2":{"start":{"line":3,"column":0},"end":{"line":3,"column":38}},"3":{"start":{"line":4,"column":0},"end":{"line":4,"column":48}},"4":{"start":{"line":5,"column":0},"end":{"line":5,"column":34}},"12":{"start":{"line":13,"column":0},"end":{"line":13,"column":55}},"13":{"start":{"line":14,"column":0},"end":{"line":14,"column":50}},"14":{"start":{"line":15,"column":0},"end":{"line":15,"column":39}},"15":{"start":{"line":16,"column":0},"end":{"line":16,"column":4}},"16":{"start":{"line":17,"column":0},"end":{"line":17,"column":49}},"18":{"start":{"line":19,"column":0},"end":{"line":19,"column":10}},"19":{"start":{"line":20,"column":0},"end":{"line":20,"column":59}},"20":{"start":{"line":21,"column":0},"end":{"line":21,"column":22}},"21":{"start":{"line":22,"column":0},"end":{"line":22,"column":20}},"22":{"start":{"line":23,"column":0},"end":{"line":23,"column":18}},"24":{"start":{"line":25,"column":0},"end":{"line":25,"column":72}},"26":{"start":{"line":27,"column":0},"end":{"line":27,"column":14}},"28":{"start":{"line":29,"column":0},"end":{"line":29,"column":2}},"30":{"start":{"line":31,"column":0},"end":{"line":31,"column":20}}},"s":{"0":1,"2":1,"3":1,"4":1,"12":1,"13":5,"14":5,"15":5,"16":5,"18":5,"19":5,"20":5,"21":5,"22":1,"24":4,"26":5,"28":5,"30":1},"branchMap":{"0":{"type":"branch","line":13,"loc":{"start":{"line":13,"column":13},"end":{"line":29,"column":2}},"locations":[{"start":{"line":13,"column":13},"end":{"line":29,"column":2}}]},"1":{"type":"branch","line":22,"loc":{"start":{"line":22,"column":7},"end":{"line":23,"column":18}},"locations":[{"start":{"line":22,"column":7},"end":{"line":23,"column":18}}]},"2":{"type":"branch","line":23,"loc":{"start":{"line":23,"column":16},"end":{"line":25,"column":72}},"locations":[{"start":{"line":23,"column":16},"end":{"line":25,"column":72}}]},"3":{"type":"branch","line":15,"loc":{"start":{"line":15,"column":4},"end":{"line":15,"column":39}},"locations":[{"start":{"line":15,"column":4},"end":{"line":15,"column":39}}]},"4":{"type":"branch","line":17,"loc":{"start":{"line":17,"column":12},"end":{"line":17,"column":22}},"locations":[{"start":{"line":17,"column":12},"end":{"line":17,"column":22}}]}},"b":{"0":[5],"1":[1],"2":[4],"3":[10],"4":[5]},"fnMap":{"0":{"name":"Main","decl":{"start":{"line":13,"column":13},"end":{"line":29,"column":2}},"loc":{"start":{"line":13,"column":13},"end":{"line":29,"column":2}},"line":13}},"f":{"0":5}}
,"F:\\RSSCHOOL\\REACT2025Q1\\rs-react-app\\src\\components\\Main\\MainContent.tsx": {"path":"F:\\RSSCHOOL\\REACT2025Q1\\rs-react-app\\src\\components\\Main\\MainContent.tsx","all":false,"statementMap":{"1":{"start":{"line":2,"column":0},"end":{"line":2,"column":42}},"2":{"start":{"line":3,"column":0},"end":{"line":3,"column":32}},"11":{"start":{"line":12,"column":0},"end":{"line":12,"column":50}},"12":{"start":{"line":13,"column":0},"end":{"line":13,"column":12}},"13":{"start":{"line":14,"column":0},"end":{"line":14,"column":14}},"14":{"start":{"line":15,"column":0},"end":{"line":15,"column":9}},"15":{"start":{"line":16,"column":0},"end":{"line":16,"column":7}},"16":{"start":{"line":17,"column":0},"end":{"line":17,"column":10}},"17":{"start":{"line":18,"column":0},"end":{"line":18,"column":32}},"18":{"start":{"line":19,"column":0},"end":{"line":19,"column":54}},"19":{"start":{"line":20,"column":0},"end":{"line":20,"column":13}},"20":{"start":{"line":21,"column":0},"end":{"line":21,"column":31}},"21":{"start":{"line":22,"column":0},"end":{"line":22,"column":35}},"22":{"start":{"line":23,"column":0},"end":{"line":23,"column":27}},"23":{"start":{"line":24,"column":0},"end":{"line":24,"column":10}},"24":{"start":{"line":25,"column":0},"end":{"line":25,"column":12}},"25":{"start":{"line":26,"column":0},"end":{"line":26,"column":37}},"26":{"start":{"line":27,"column":0},"end":{"line":27,"column":18}},"27":{"start":{"line":28,"column":0},"end":{"line":28,"column":12}},"28":{"start":{"line":29,"column":0},"end":{"line":29,"column":10}},"30":{"start":{"line":31,"column":0},"end":{"line":31,"column":2}},"32":{"start":{"line":33,"column":0},"end":{"line":33,"column":27}}},"s":{"1":1,"2":1,"11":1,"12":7,"13":7,"14":7,"15":7,"16":7,"17":7,"18":7,"19":7,"20":7,"21":7,"22":7,"23":7,"24":7,"25":7,"26":7,"27":7,"28":7,"30":7,"32":1},"branchMap":{"0":{"type":"branch","line":12,"loc":{"start":{"line":12,"column":48},"end":{"line":31,"column":2}},"locations":[{"start":{"line":12,"column":48},"end":{"line":31,"column":2}}]}},"b":{"0":[7]},"fnMap":{"0":{"name":"MainContent","decl":{"start":{"line":12,"column":48},"end":{"line":31,"column":2}},"loc":{"start":{"line":12,"column":48},"end":{"line":31,"column":2}},"line":12}},"f":{"0":7}}
,"F:\\RSSCHOOL\\REACT2025Q1\\rs-react-app\\src\\components\\NotFound\\NotFound.tsx": {"path":"F:\\RSSCHOOL\\REACT2025Q1\\rs-react-app\\src\\components\\NotFound\\NotFound.tsx","all":false,"statementMap":{"2":{"start":{"line":3,"column":0},"end":{"line":3,"column":34}},"3":{"start":{"line":4,"column":0},"end":{"line":4,"column":10}},"4":{"start":{"line":5,"column":0},"end":{"line":5,"column":31}},"5":{"start":{"line":6,"column":0},"end":{"line":6,"column":35}},"6":{"start":{"line":7,"column":0},"end":{"line":7,"column":57}},"7":{"start":{"line":8,"column":0},"end":{"line":8,"column":10}},"9":{"start":{"line":10,"column":0},"end":{"line":10,"column":2}},"11":{"start":{"line":12,"column":0},"end":{"line":12,"column":24}}},"s":{"2":1,"3":1,"4":1,"5":1,"6":1,"7":1,"9":1,"11":1},"branchMap":{"0":{"type":"branch","line":3,"loc":{"start":{"line":3,"column":27},"end":{"line":10,"column":2}},"locations":[{"start":{"line":3,"column":27},"end":{"line":10,"column":2}}]}},"b":{"0":[1]},"fnMap":{"0":{"name":"NotFound","decl":{"start":{"line":3,"column":27},"end":{"line":10,"column":2}},"loc":{"start":{"line":3,"column":27},"end":{"line":10,"column":2}},"line":3}},"f":{"0":1}}
[...]
nd":{"line":100,"column":46}},"101":{"start":{"line":102,"column":0},"end":{"line":102,"column":42}},"102":{"start":{"line":103,"column":0},"end":{"line":103,"column":73}},"103":{"start":{"line":104,"column":0},"end":{"line":104,"column":34}},"104":{"start":{"line":105,"column":0},"end":{"line":105,"column":9}},"105":{"start":{"line":106,"column":0},"end":{"line":106,"column":9}},"107":{"start":{"line":108,"column":0},"end":{"line":108,"column":50}},"108":{"start":{"line":109,"column":0},"end":{"line":109,"column":12}},"109":{"start":{"line":110,"column":0},"end":{"line":110,"column":33}},"110":{"start":{"line":111,"column":0},"end":{"line":111,"column":72}},"111":{"start":{"line":112,"column":0},"end":{"line":112,"column":17}},"112":{"start":{"line":113,"column":0},"end":{"line":113,"column":30}},"113":{"start":{"line":114,"column":0},"end":{"line":114,"column":77}},"114":{"start":{"line":115,"column":0},"end":{"line":115,"column":11}},"115":{"start":{"line":116,"column":0},"end":{"line":116,"column":10}},"116":{"start":{"line":117,"column":0},"end":{"line":117,"column":7}},"117":{"start":{"line":118,"column":0},"end":{"line":118,"column":5}},"118":{"start":{"line":119,"column":0},"end":{"line":119,"column":4}},"119":{"start":{"line":120,"column":0},"end":{"line":120,"column":10}},"120":{"start":{"line":121,"column":0},"end":{"line":121,"column":39}},"121":{"start":{"line":122,"column":0},"end":{"line":122,"column":39}},"122":{"start":{"line":123,"column":0},"end":{"line":123,"column":15}},"123":{"start":{"line":124,"column":0},"end":{"line":124,"column":14}},"124":{"start":{"line":125,"column":0},"end":{"line":125,"column":16}},"125":{"start":{"line":126,"column":0},"end":{"line":126,"column":42}},"126":{"start":{"line":127,"column":0},"end":{"line":127,"column":22}},"127":{"start":{"line":128,"column":0},"end":{"line":128,"column":46}},"128":{"start":{"line":129,"column":0},"end":{"line":129,"column":33}},"129":{"start":{"line":130,"column":0},"end":{"line":130,"column":32}},"130":{"start":{"line":131,"column":0},"end":{"line":131,"column":51}},"131":{"start":{"line":132,"column":0},"end":{"line":132,"column":47}},"132":{"start":{"line":133,"column":0},"end":{"line":133,"column":44}},"133":{"start":{"line":134,"column":0},"end":{"line":134,"column":77}},"134":{"start":{"line":135,"column":0},"end":{"line":135,"column":18}},"135":{"start":{"line":136,"column":0},"end":{"line":136,"column":80}},"136":{"start":{"line":137,"column":0},"end":{"line":137,"column":20}},"137":{"start":{"line":138,"column":0},"end":{"line":138,"column":17}},"138":{"start":{"line":139,"column":0},"end":{"line":139,"column":26}},"139":{"start":{"line":140,"column":0},"end":{"line":140,"column":33}},"140":{"start":{"line":141,"column":0},"end":{"line":141,"column":40}},"141":{"start":{"line":142,"column":0},"end":{"line":142,"column":15}},"142":{"start":{"line":143,"column":0},"end":{"line":143,"column":16}},"143":{"start":{"line":144,"column":0},"end":{"line":144,"column":46}},"144":{"start":{"line":145,"column":0},"end":{"line":145,"column":31}},"145":{"start":{"line":146,"column":0},"end":{"line":146,"column":40}},"146":{"start":{"line":147,"column":0},"end":{"line":147,"column":37}},"147":{"start":{"line":148,"column":0},"end":{"line":148,"column":16}},"148":{"start":{"line":149,"column":0},"end":{"line":149,"column":14}},"149":{"start":{"line":150,"column":0},"end":{"line":150,"column":10}},"151":{"start":{"line":152,"column":0},"end":{"line":152,"column":2}},"153":{"start":{"line":154,"column":0},"end":{"line":154,"column":22}}},"s":{"0":1,"1":1,"2":1,"3":1,"20":1,"21":12,"22":12,"23":12,"24":12,"25":12,"26":12,"27":10,"28":9,"29":9,"30":7,"31":9,"32":7,"33":9,"34":9,"35":12,"37":12,"38":1,"39":1,"40":1,"41":1,"42":1,"43":1,"44":1,"45":1,"46":1,"47":1,"49":1,"50":12,"51":1,"52":1,"54":10,"55":19,"56":19,"57":19,"58":19,"59":19,"60":19,"61":19,"62":19,"63":19,"64":19,"65":19,"66":1,"67":1,"68":1,"69":1,"70":0,"71":0,"72":0,"73":0,"74":0,"75":0,"76":1,"77":19,"78":19,"79":19,"80":19,"81":19,"82":19,"83":19,"84":19,"85":19,"86":19,"87":19,"88":19,"89":19,"90":17,"91":2,"92":19,"93":19,"95":10,"96":1,"97":1,"98":1,"99":1,"101":1,"102":2,"103":2,"104":2,"105":1,"107":1,"108":1,"109":0,"110":0,"111":0,"112":0,"113":0,"114":0,"115":0,"116":0,"117":0,"118":1,"119":10,"120":10,"121":10,"122":10,"123":10,"124":10,"125":10,"126":10,"127":10,"128":10,"129":10,"130":10,"131":10,"132":10,"133":10,"134":10,"135":10,"136":10,"137":10,"138":10,"139":10,"140":10,"141":10,"142":10,"143":10,"144":10,"145":9,"146":1,"147":12,"148":12,"149":12,"151":12,"153":1},"branchMap":{"0":{"type":"branch","line":21,"loc":{"start":{"line":21,"column":15},"end":{"line":152,"column":2}},"locations":[{"start":{"line":21,"column":15},"end":{"line":152,"column":2}}]},"1":{"type":"branch","line":38,"loc":{"start":{"line":38,"column":13},"end":{"line":50,"column":3}},"locations":[{"start":{"line":38,"column":13},"end":{"line":50,"column":3}}]},"2":{"type":"branch","line":50,"loc":{"start":{"line":50,"column":2},"end":{"line":51,"column":62}},"locations":[{"start":{"line":50,"column":2},"end":{"line":51,"column":62}}]},"3":{"type":"branch","line":51,"loc":{"start":{"line":51,"column":36},"end":{"line":51,"column":62}},"locations":[{"start":{"line":51,"column":36},"end":{"line":51,"column":62}}]},"4":{"type":"branch","line":51,"loc":{"start":{"line":51,"column":62},"end":{"line":53,"column":3}},"locations":[{"start":{"line":51,"column":62},"end":{"line":53,"column":3}}]},"5":{"type":"branch","line":53,"loc":{"start":{"line":53,"column":2},"end":{"line":145,"column":31}},"locations":[{"start":{"line":53,"column":2},"end":{"line":145,"column":31}}]},"6":{"type":"branch","line":145,"loc":{"start":{"line":145,"column":30},"end":{"line":146,"column":40}},"locations":[{"start":{"line":145,"column":30},"end":{"line":146,"column":40}}]},"7":{"type":"branch","line":146,"loc":{"start":{"line":146,"column":39},"end":{"line":147,"column":37}},"locations":[{"start":{"line":146,"column":39},"end":{"line":147,"column":37}}]},"8":{"type":"branch","line":24,"loc":{"start":{"line":24,"column":4},"end":{"line":24,"column":39}},"locations":[{"start":{"line":24,"column":4},"end":{"line":24,"column":39}}]},"9":{"type":"branch","line":27,"loc":{"start":{"line":27,"column":12},"end":{"line":36,"column":5}},"locations":[{"start":{"line":27,"column":12},"end":{"line":36,"column":5}}]},"10":{"type":"branch","line":28,"loc":{"start":{"line":28,"column":30},"end":{"line":35,"column":5}},"locations":[{"start":{"line":28,"column":30},"end":{"line":35,"column":5}}]},"11":{"type":"branch","line":30,"loc":{"start":{"line":30,"column":23},"end":{"line":33,"column":11}},"locations":[{"start":{"line":30,"column":23},"end":{"line":33,"column":11}}]},"12":{"type":"branch","line":31,"loc":{"start":{"line":31,"column":22},"end":{"line":32,"column":69}},"locations":[{"start":{"line":31,"column":22},"end":{"line":32,"column":69}}]},"13":{"type":"branch","line":32,"loc":{"start":{"line":32,"column":31},"end":{"line":32,"column":68}},"locations":[{"start":{"line":32,"column":31},"end":{"line":32,"column":68}}]},"14":{"type":"branch","line":55,"loc":{"start":{"line":55,"column":26},"end":{"line":94,"column":9}},"locations":[{"start":{"line":55,"column":26},"end":{"line":94,"column":9}}]},"15":{"type":"branch","line":90,"loc":{"start":{"line":90,"column":14},"end":{"line":90,"column":57}},"locations":[{"start":{"line":90,"column":14},"end":{"line":90,"column":57}}]},"16":{"type":"branch","line":90,"loc":{"start":{"line":90,"column":55},"end":{"line":91,"column":27}},"locations":[{"start":{"line":90,"column":55},"end":{"line":91,"column":27}}]},"17":{"type":"branch","line":91,"loc":{"start":{"line":91,"column":17},"end":{"line":92,"column":29}},"locations":[{"start":{"line":91,"column":17},"end":{"line":92,"column":29}}]},"18":{"type":"branch","line":57,"loc":{"start":{"line":57,"column":19},"end":{"line":57,"column":47}},"locations":[{"start":{"line":57,"column":19},"end":{"line":57,"column":47}}]},"19":{"type":"branch","line":65,"loc":{"start":{"line":65,"column":40},"end":{"line":65,"column":77}},"locations":[{"start":{"line":65,"column":40},"end":{"line":65,"column":77}}]},"20":{"type":"branch","line":66,"loc":{"start":{"line":66,"column":22},"end":{"line":77,"column":14}},"locations":[{"start":{"line":66,"column":22},"end":{"line":77,"column":14}}]},"21":{"type":"branch","line":70,"loc":{"start":{"line":70,"column":14},"end":{"line":76,"column":15}},"locations":[{"start":{"line":70,"column":14},"end":{"line":76,"column":15}}]},"22":{"type":"branch","line":88,"loc":{"start":{"line":88,"column":19},"end":{"line":88,"column":45}},"locations":[{"start":{"line":88,"column":19},"end":{"line":88,"column":45}}]},"23":{"type":"branch","line":96,"loc":{"start":{"line":96,"column":26},"end":{"line":119,"column":4}},"locations":[{"start":{"line":96,"column":26},"end":{"line":119,"column":4}}]},"24":{"type":"branch","line":109,"loc":{"start":{"line":109,"column":4},"end":{"line":118,"column":5}},"locations":[{"start":{"line":109,"column":4},"end":{"line":118,"column":5}}]},"25":{"type":"branch","line":102,"loc":{"start":{"line":102,"column":31},"end":{"line":106,"column":7}},"locations":[{"start":{"line":102,"column":31},"end":{"line":106,"column":7}}]},"26":{"type":"branch","line":134,"loc":{"start":{"line":134,"column":28},"end":{"line":134,"column":77}},"locations":[{"start":{"line":134,"column":28},"end":{"line":134,"column":77}}]}},"b":{"0":[12],"1":[1],"2":[11],"3":[10],"4":[1],"5":[10],"6":[9],"7":[1],"8":[22],"9":[10],"10":[9],"11":[7],"12":[9],"13":[5],"14":[19],"15":[17],"16":[17],"17":[2],"18":[1],"19":[10],"20":[1],"21":[0],"22":[1],"23":[1],"24":[0],"25":[2],"26":[1]},"fnMap":{"0":{"name":"Result","decl":{"start":{"line":21,"column":15},"end":{"line":152,"column":2}},"loc":{"start":{"line":21,"column":15},"end":{"line":152,"column":2}},"line":21},"1":{"name":"renderTableRows","decl":{"start":{"line":55,"column":26},"end":{"line":94,"column":9}},"loc":{"start":{"line":55,"column":26},"end":{"line":94,"column":9}},"line":55},"2":{"name":"onClick","decl":{"start":{"line":57,"column":19},"end":{"line":57,"column":47}},"loc":{"start":{"line":57,"column":19},"end":{"line":57,"column":47}},"line":57},"3":{"name":"onChange","decl":{"start":{"line":66,"column":22},"end":{"line":77,"column":14}},"loc":{"start":{"line":66,"column":22},"end":{"line":77,"column":14}},"line":66},"4":{"name":"onClick","decl":{"start":{"line":88,"column":19},"end":{"line":88,"column":45}},"loc":{"start":{"line":88,"column":19},"end":{"line":88,"column":45}},"line":88},"5":{"name":"handleSelectAll","decl":{"start":{"line":96,"column":26},"end":{"line":119,"column":4}},"loc":{"start":{"line":96,"column":26},"end":{"line":119,"column":4}},"line":96},"6":{"name":"onChange","decl":{"start":{"line":134,"column":28},"end":{"line":134,"column":77}},"loc":{"start":{"line":134,"column":28},"end":{"line":134,"column":77}},"line":134}},"f":{"0":12,"1":19,"2":1,"3":1,"4":1,"5":1,"6":1}}
,"F:\\RSSCHOOL\\REACT2025Q1\\rs-react-app\\src\\components\\Search\\SearchBar.tsx": {"path":"F:\\RSSCHOOL\\REACT2025Q1\\rs-react-app\\src\\components\\Search\\SearchBar.tsx","all":true,"statementMap":{"1":{"start":{"line":2,"column":0},"end":{"line":2,"column":58}},"2":{"start":{"line":3,"column":0},"end":{"line":3,"column":38}},"11":{"start":{"line":12,"column":0},"end":{"line":12,"column":46}},"12":{"start":{"line":13,"column":0},"end":{"line":13,"column":14}},"13":{"start":{"line":14,"column":0},"end":{"line":14,"column":17}},"14":{"start":{"line":15,"column":0},"end":{"line":15,"column":11}},"15":{"start":{"line":16,"column":0},"end":{"line":16,"column":16}},"16":{"start":{"line":17,"column":0},"end":{"line":17,"column":7}},"17":{"start":{"line":18,"column":0},"end":{"line":18,"column":10}},"18":{"start":{"line":19,"column":0},"end":{"line":19,"column":38}},"19":{"start":{"line":20,"column":0},"end":{"line":20,"column":23}},"20":{"start":{"line":21,"column":0},"end":{"line":21,"column":36}},"21":{"start":{"line":22,"column":0},"end":{"line":22,"column":27}},"22":{"start":{"line":23,"column":0},"end":{"line":23,"column":33}},"23":{"start":{"line":24,"column":0},"end":{"line":24,"column":31}},"24":{"start":{"line":25,"column":0},"end":{"line":25,"column":39}},"25":{"start":{"line":26,"column":0},"end":{"line":26,"column":8}},"26":{"start":{"line":27,"column":0},"end":{"line":27,"column":49}},"27":{"start":{"line":28,"column":0},"end":{"line":28,"column":10}},"29":{"start":{"line":30,"column":0},"end":{"line":30,"column":2}},"31":{"start":{"line":32,"column":0},"end":{"line":32,"column":25}}},"s":{"1":0,"2":0,"11":0,"12":0,"13":0,"14":0,"15":0,"16":0,"17":0,"18":0,"19":0,"20":0,"21":0,"22":0,"23":0,"24":0,"25":0,"26":0,"27":0,"29":0,"31":0},"branchMap":{"0":{"type":"branch","line":1,"loc":{"start":{"line":1,"column":478},"end":{"line":32,"column":-152}},"locations":[{"start":{"line":1,"column":478},"end":{"line":32,"column":-152}}]}},"b":{"0":[1]},"fnMap":{"0":{"name":"(empty-report)","decl":{"start":{"line":1,"column":478},"end":{"line":32,"column":-152}},"loc":{"start":{"line":1,"column":478},"end":{"line":32,"column":-152}},"line":1}},"f":{"0":1}}
,"F:\\RSSCHOOL\\REACT2025Q1\\rs-react-app\\src\\components\\Search\\SearchInputField.tsx": {"path":"F:\\RSSCHOOL\\REACT2025Q1\\rs-react-app\\src\\components\\Search\\SearchInputField.tsx","all":false,"statementMap":{"0":{"start":{"line":1,"column":0},"end":{"line":1,"column":41}},"1":{"start":{"line":2,"column":0},"end":{"line":2,"column":46}},"2":{"start":{"line":3,"column":0},"end":{"line":3,"column":33}},"12":{"start":{"line":13,"column":0},"end":{"line":13,"column":60}},"13":{"start":{"line":14,"column":0},"end":{"line":14,"column":14}},"14":{"start":{"line":15,"column":0},"end":{"line":15,"column":8}},"15":{"start":{"line":16,"column":0},"end":{"line":16,"column":11}},"16":{"start":{"line":17,"column":0},"end":{"line":17,"column":15}},"17":{"start":{"line":18,"column":0},"end":{"line":18,"column":16}},"18":{"start":{"line":19,"column":0},"end":{"line":19,"column":7}},"19":{"start":{"line":20,"column":0},"end":{"line":20,"column":60}},"21":{"start":{"line":22,"column":0},"end":{"line":22,"column":19}},"22":{"start":{"line":23,"column":0},"end":{"line":23,"column":21}},"23":{"start":{"line":24,"column":0},"end":{"line":24,"column":23}},"25":{"start":{"line":26,"column":0},"end":{"line":26,"column":26}},"26":{"start":{"line":27,"column":0},"end":{"line":27,"column":48}},"27":{"start":{"line":28,"column":0},"end":{"line":28,"column":14}},"28":{"start":{"line":29,"column":0},"end":{"line":29,"column":32}},"29":{"start":{"line":30,"column":0},"end":{"line":30,"column":21}},"30":{"start":{"line":31,"column":0},"end":{"line":31,"column":5}},"31":{"start":{"line":32,"column":0},"end":{"line":32,"column":4}},"33":{"start":{"line":34,"column":0},"end":{"line":34,"column":10}},"34":{"start":{"line":35,"column":0},"end":{"line":35,"column":10}},"35":{"start":{"line":36,"column":0},"end":{"line":36,"column":29}},"36":{"start":{"line":37,"column":0},"end":{"line":37,"column":17}},"37":{"start":{"line":38,"column":0},"end":{"line":38,"column":31}},"38":{"start":{"line":39,"column":0},"end":{"line":39,"column":25}},"39":{"start":{"line":40,"column":0},"end":{"line":40,"column":28}},"40":{"start":{"line":41,"column":0},"end":{"line":41,"column":28}},"41":{"start":{"line":42,"column":0},"end":{"line":42,"column":24}},"42":{"start":{"line":43,"column":0},"end":{"line":43,"column":8}},"43":{"start":{"line":44,"column":0},"end":{"line":44,"column":32}},"44":{"start":{"line":45,"column":0},"end":{"line":45,"column":6}},"46":{"start":{"line":47,"column":0},"end":{"line":47,"column":2}},"48":{"start":{"line":49,"column":0},"end":{"line":49,"column":32}}},"s":{"0":1,"1":1,"2":1,"12":1,"13":7,"14":7,"15":7,"16":7,"17":7,"18":7,"19":7,"21":7,"22":5,"23":7,"25":7,"26":2,"27":2,"28":2,"29":2,"30":2,"31":2,"33":7,"34":7,"35":7,"36":7,"37":7,"38":7,"39":7,"40":2,"41":2,"42":2,"43":7,"44":7,"46":7,"48":1},"branchMap":{"0":{"type":"branch","line":13,"loc":{"start":{"line":13,"column":58},"end":{"line":47,"column":2}},"locations":[{"start":{"line":13,"column":58},"end":{"line":47,"column":2}}]},"1":{"type":"branch","line":22,"loc":{"start":{"line":22,"column":12},"end":{"line":24,"column":5}},"locations":[{"start":{"line":22,"column":12},"end":{"line":24,"column":5}}]},"2":{"type":"branch","line":26,"loc":{"start":{"line":26,"column":25},"end":{"line":32,"column":4}},"locations":[{"start":{"line":26,"column":25},"end":{"line":32,"column":4}}]},"3":{"type":"branch","line":40,"loc":{"start":{"line":40,"column":16},"end":{"line":43,"column":8}},"locations":[{"start":{"line":40,"column":16},"end":{"line":43,"column":8}}]}},"b":{"0":[7],"1":[5],"2":[2],"3":[2]},"fnMap":{"0":{"name":"SearchInputField","decl":{"start":{"line":13,"column":58},"end":{"line":47,"column":2}},"loc":{"start":{"line":13,"column":58},"end":{"line":47,"column":2}},"line":13},"1":{"name":"handleKeyPress","decl":{"start":{"line":26,"column":25},"end":{"line":32,"column":4}},"loc":{"start":{"line":26,"column":25},"end":{"line":32,"column":4}},"line":26},"2":{"name":"onChange","decl":{"start":{"line":40,"column":16},"end":{"line":43,"column":8}},"loc":{"start":{"line":40,"column":16},"end":{"line":43,"column":8}},"line":40}},"f":{"0":7,"1":2,"2":2}}
,"F:\\RSSCHOOL\\REACT2025Q1\\rs-react-app\\src\\components\\Search\\useSearchQuery.tsx": {"path":"F:\\RSSCHOOL\\REACT2025Q1\\rs-react-app\\src\\components\\Search\\useSearchQuery.tsx","all":false,"statementMap":{"0":{"start":{"line":1,"column":0},"end":{"line":1,"column":44}},"2":{"start":{"line":3,"column":0},"end":{"line":3,"column":50}},"3":{"start":{"line":4,"column":0},"end":{"line":4,"column":63}},"5":{"start":{"line":6,"column":0},"end":{"line":6,"column":19}},"6":{"start":{"line":7,"column":0},"end":{"line":7,"column":59}},"7":{"start":{"line":8,"column":0},"end":{"line":8,"column":21}},"8":{"start":{"line":9,"column":0},"end":{"line":9,"column":33}},"9":{"start":{"line":10,"column":0},"end":{"line":10,"column":5}},"10":{"start":{"line":11,"column":0},"end":{"line":11,"column":9}},"12":{"start":{"line":13,"column":0},"end":{"line":13,"column":72}},"13":{"start":{"line":14,"column":0},"end":{"line":14,"column":37}},"14":{"start":{"line":15,"column":0},"end":{"line":15,"column":47}},"15":{"start":{"line":16,"column":0},"end":{"line":16,"column":26}},"16":{"start":{"line":17,"column":0},"end":{"line":17,"column":4}},"18":{"start":{"line":19,"column":0},"end":{"line":19,"column":46}},"19":{"start":{"line":20,"column":0},"end":{"line":20,"column":2}},"21":{"start":{"line":22,"column":0},"end":{"line":22,"column":30}}},"s":{"0":1,"2":1,"3":7,"5":7,"6":5,"7":5,"8":1,"9":1,"10":7,"12":7,"13":2,"14":2,"15":2,"16":2,"18":7,"19":7,"21":1},"branchMap":{"0":{"type":"branch","line":3,"loc":{"start":{"line":3,"column":23},"end":{"line":20,"column":2}},"locations":[{"start":{"line":3,"column":23},"end":{"line":20,"column":2}}]},"1":{"type":"branch","line":6,"loc":{"start":{"line":6,"column":12},"end":{"line":11,"column":5}},"locations":[{"start":{"line":6,"column":12},"end":{"line":11,"column":5}}]},"2":{"type":"branch","line":8,"loc":{"start":{"line":8,"column":20},"end":{"line":10,"column":5}},"locations":[{"start":{"line":8,"column":20},"end":{"line":10,"column":5}}]},"3":{"type":"branch","line":13,"loc":{"start":{"line":13,"column":23},"end":{"line":17,"column":4}},"locations":[{"start":{"line":13,"column":23},"end":{"line":17,"column":4}}]}},"b":{"0":[7],"1":[5],"2":[1],"3":[2]},"fnMap":{"0":{"name":"useSearchQuery","decl":{"start":{"line":3,"column":23},"end":{"line":20,"column":2}},"loc":{"start":{"line":3,"column":23},"end":{"line":20,"column":2}},"line":3},"1":{"name":"handleChange","decl":{"start":{"line":13,"column":23},"end":{"line":17,"column":4}},"loc":{"start":{"line":13,"column":23},"end":{"line":17,"column":4}},"line":13}},"f":{"0":7,"1":2}}
}
